#
# A fatal error has been detected by the Java Runtime Environment:
#
#  EXCEPTION_ACCESS_VIOLATION (0xc0000005) at pc=0x074b793b, pid=3272, tid=6684
#
# JRE version: 7.0_11-b21
# Java VM: Java HotSpot(TM) Client VM (23.6-b04 mixed mode windows-x86 )
# Problematic frame:
# C  0x074b793b  JNI_CreateJavaVM+0xe00b
#
# Failed to write core dump. Minidumps are not enabled by default on client versions of Windows
#
# If you would like to submit a bug report, please visit:
#   http://bugreport.sun.com/bugreport/crash.jsp
#

---------------  T H R E A D  ---------------

Current thread (0x29ebc000):  JavaThread "Code Analyzer updating thread" [_thread_in_vm, id=6684, stack(0x218c0000,0x21940000)]

siginfo: ExceptionCode=0xc0000005, reading address 0x00000000

Registers:
EAX=0x00000000, EBX=0x29ebc128, ECX=0x29ebc000, EDX=0x0768c4b8
ESP=0x2193eed8, EBP=0x2193ef20, ESI=0x29ebc000, EDI=0x00000000
EIP=0x074b793b, EFLAGS=0x00010246

Top of Stack: (sp=0x2193eed8)
0x2193eed8:   26766568 29ebc128 6fcf301a 07403d63
0x2193eee8:   29ebc000 41c1f5c9 26766568 29ebc000
0x2193eef8:   6fcf301a 2193eeec f1725358 2193ef7c
0x2193ef08:   0766ce7e 673f87c5 29ebc000 20c714d4
0x2193ef18:   0000063d 0768c4b8 2193ef38 6fcf10fd
0x2193ef28:   29ebc128 26766568 00000000 2193ef4c
0x2193ef38:   2193f7c8 6fcf304a 29ebc128 26766568
0x2193ef48:   00000000 744e2dc7 2193f7bc 2193f1ec 

Instructions: (pc=0x074b793b)
0x074b791b:   f4 ff 83 c4 08 83 7e 04 00 89 75 f0 c7 45 f4 00
0x074b792b:   00 00 00 74 08 8d 4d f0 e8 48 58 0b 00 8b 7d 10
0x074b793b:   8b 0f c7 45 e0 0c 00 00 00 e8 b7 31 f5 ff 50 8d
0x074b794b:   4d c4 e8 4e 88 08 00 8b 45 14 56 8d 4d c4 51 53 


Register to memory mapping:

EAX=0x00000000 is an unknown value
EBX=0x29ebc128 is an unknown value
ECX=0x29ebc000 is a thread
EDX=0x0768c4b8 is an unknown value
ESP=0x2193eed8 is pointing into the stack for thread: 0x29ebc000
EBP=0x2193ef20 is pointing into the stack for thread: 0x29ebc000
ESI=0x29ebc000 is a thread
EDI=0x00000000 is an unknown value


Stack: [0x218c0000,0x21940000],  sp=0x2193eed8,  free space=507k
Native frames: (J=compiled Java code, j=interpreted, Vv=VM code, C=native code)
C  0x074b793b  JNI_CreateJavaVM+0xe00b
C  0x6fcf10fd
C  0x6fcf304a  Java_com_mathworks_widgets_text_mcode_MLint_nativeGetMessages+0x6fa
j  com.mathworks.widgets.text.mcode.MLint.nativeGetMessages(Ljava/lang/String;Ljava/lang/String;)Ljava/util/List;+0
j  com.mathworks.widgets.text.mcode.MLint.getMessages(Ljava/lang/String;Ljava/lang/String;Lcom/mathworks/widgets/text/mcode/MLintConfiguration;Z)Ljava/util/List;+67
j  com.mathworks.widgets.text.mcode.analyzer.CodeAnalyzerThread.doMLint()V+95
j  com.mathworks.widgets.text.mcode.analyzer.CodeAnalyzerThread.access$400(Lcom/mathworks/widgets/text/mcode/analyzer/CodeAnalyzerThread;)V+1
j  com.mathworks.widgets.text.mcode.analyzer.CodeAnalyzerThread$MLintRunnable.run()V+14
j  java.lang.Thread.run()V+11
v  ~StubRoutines::call_stub
C  0x0752a3ba  JVM_Clone+0x4982a
C  0x075d97de  JVM_FindSignal+0x602de
C  0x0752a5a3  JVM_Clone+0x49a13
C  0x0752a607  JVM_Clone+0x49a77
C  0x074d315f  jio_fprintf+0x17f
C  0x0754a6b7  JVM_Clone+0x69b27
C  0x0754a820  JVM_Clone+0x69c90
C  0x0757f009  JVM_FindSignal+0x5b09
C  [MSVCR100.dll+0x5c556]
C  [MSVCR100.dll+0x5c600]
C  [kernel32.dll+0x4ef1c]  BaseThreadInitThunk+0x12
C  [ntdll.dll+0x63648]
C  [ntdll.dll+0x6361b]

Java frames: (J=compiled Java code, j=interpreted, Vv=VM code)
j  com.mathworks.widgets.text.mcode.MLint.nativeGetMessages(Ljava/lang/String;Ljava/lang/String;)Ljava/util/List;+0
j  com.mathworks.widgets.text.mcode.MLint.getMessages(Ljava/lang/String;Ljava/lang/String;Lcom/mathworks/widgets/text/mcode/MLintConfiguration;Z)Ljava/util/List;+67
j  com.mathworks.widgets.text.mcode.analyzer.CodeAnalyzerThread.doMLint()V+95
j  com.mathworks.widgets.text.mcode.analyzer.CodeAnalyzerThread.access$400(Lcom/mathworks/widgets/text/mcode/analyzer/CodeAnalyzerThread;)V+1
j  com.mathworks.widgets.text.mcode.analyzer.CodeAnalyzerThread$MLintRunnable.run()V+14
j  java.lang.Thread.run()V+11
v  ~StubRoutines::call_stub

---------------  P R O C E S S  ---------------

Java Threads: ( => current thread )
=>0x29ebc000 JavaThread "Code Analyzer updating thread" [_thread_in_vm, id=6684, stack(0x218c0000,0x21940000)]
  0x29ebe000 JavaThread "FileDecorationCache request queue" daemon [_thread_blocked, id=6896, stack(0x09300000,0x09380000)]
  0x29ebd800 JavaThread "Foxtrot Single Worker Thread #1" daemon [_thread_blocked, id=4584, stack(0x28210000,0x28290000)]
  0x26c47000 JavaThread "Code Analyzer updating thread" [_thread_blocked, id=2852, stack(0x085d0000,0x08650000)]
  0x26c45000 JavaThread "Prefs Updater" daemon [_thread_blocked, id=800, stack(0x082b0000,0x08330000)]
  0x20abf400 JavaThread "Swing-Shell" daemon [_thread_blocked, id=3140, stack(0x08330000,0x083b0000)]
  0x20ac1800 JavaThread "Active Reference Queue Daemon" daemon [_thread_blocked, id=3664, stack(0x28030000,0x280b0000)]
  0x20ac1400 JavaThread "Timer-1" daemon [_thread_blocked, id=5872, stack(0x27fb0000,0x28030000)]
  0x20ac0400 JavaThread "ClipboardMonitor Timer" daemon [_thread_blocked, id=6060, stack(0x27f30000,0x27fb0000)]
  0x20abf800 JavaThread "Explorer NavigationContext request queue" daemon [_thread_blocked, id=6020, stack(0x27db0000,0x27e30000)]
  0x20abe800 JavaThread "AddressBar directory emptiness poller" daemon [_thread_blocked, id=3568, stack(0x27c30000,0x27cb0000)]
  0x20abe000 JavaThread "Explorer Refresh Service 16258584" daemon [_thread_blocked, id=6052, stack(0x27bb0000,0x27c30000)]
  0x20abd800 JavaThread "Thread-4" daemon [_thread_blocked, id=5340, stack(0x23280000,0x23300000)]
  0x20abd400 JavaThread "TimerQueue" daemon [_thread_blocked, id=5504, stack(0x24390000,0x24410000)]
  0x20abcc00 JavaThread "Thread-3" daemon [_thread_blocked, id=5720, stack(0x22140000,0x221c0000)]
  0x20abc800 JavaThread "AWT-EventQueue-0" [_thread_blocked, id=1180, stack(0x219f0000,0x21a70000)]
  0x20abc000 JavaThread "AWT-Shutdown" [_thread_blocked, id=2980, stack(0x217c0000,0x21840000)]
  0x20abbc00 JavaThread "FelixPackageAdmin" daemon [_thread_blocked, id=3288, stack(0x222c0000,0x22340000)]
  0x20971800 JavaThread "FelixStartLevel" daemon [_thread_blocked, id=5516, stack(0x22240000,0x222c0000)]
  0x0f889800 JavaThread "FelixDispatchQueue" daemon [_thread_blocked, id=5512, stack(0x221c0000,0x22240000)]
  0x207c0800 JavaThread "com.google.common.base.internal.Finalizer" daemon [_thread_blocked, id=380, stack(0x21940000,0x219c0000)]
  0x207a2400 JavaThread "AWT-Windows" daemon [_thread_in_native, id=4112, stack(0x21840000,0x218c0000)]
  0x0ff36800 JavaThread "Java2D Disposer" daemon [_thread_blocked, id=4008, stack(0x21740000,0x217c0000)]
  0x0c3bf400 JavaThread "Timer-0" [_thread_blocked, id=4116, stack(0x20630000,0x206b0000)]
  0x0fd39000 JavaThread "EventMgr Dispatcher" daemon [_thread_in_native, id=2908, stack(0x1fd30000,0x20530000)]
  0x0f80cc00 JavaThread "Service Thread" daemon [_thread_blocked, id=4692, stack(0x1eb60000,0x1ebe0000)]
  0x0f808400 JavaThread "C1 CompilerThread0" daemon [_thread_blocked, id=3304, stack(0x1e360000,0x1eb60000)]
  0x0f804400 JavaThread "Attach Listener" daemon [_thread_blocked, id=188, stack(0x1e2e0000,0x1e360000)]
  0x0c624800 JavaThread "Finalizer" daemon [_thread_blocked, id=1812, stack(0x0f760000,0x0f7e0000)]
  0x0c61fc00 JavaThread "Reference Handler" daemon [_thread_blocked, id=552, stack(0x08990000,0x08a10000)]
  0x0c51a800 JavaThread "main" [_thread_in_native, id=3612, stack(0x00430000,0x00c30000)]

Other Threads:
  0x0c51c800 VMThread [stack: 0x0ef60000,0x0f760000] [id=3676]
  0x0f828000 WatcherThread [stack: 0x1ebe0000,0x1f3e0000] [id=4632]

VM state:not at safepoint (normal execution)

VM Mutex/Monitor currently owned by a thread: None

Heap
 def new generation   total 27968K, used 4139K [0x102e0000, 0x12130000, 0x122e0000)
  eden space 24896K,  10% used [0x102e0000, 0x105617c0, 0x11b30000)
  from space 3072K,  51% used [0x11e30000, 0x11fb9628, 0x12130000)
  to   space 3072K,   0% used [0x11b30000, 0x11b30000, 0x11e30000)
 tenured generation   total 92980K, used 82385K [0x122e0000, 0x17dad000, 0x182e0000)
   the space 92980K,  88% used [0x122e0000, 0x173547b8, 0x17354800, 0x17dad000)
 compacting perm gen  total 36864K, used 36698K [0x182e0000, 0x1a6e0000, 0x1e2e0000)
   the space 36864K,  99% used [0x182e0000, 0x1a6b68d0, 0x1a6b6a00, 0x1a6e0000)
No shared spaces configured.

Card table byte_map: [0x08910000,0x08990000] byte_map_base: 0x0888e900

Polling page: 0x06550000

Code Cache  [0x0cf60000, 0x0d748000, 0x0ef60000)
 total_blobs=5149 nmethods=4849 adapters=232 free_code_cache=24707Kb largest_free_block=25295552

Compilation events (10 events):
Event: 82742.223 Thread 0x0f808400 4914             javax.swing.JLabel::updateUI (12 bytes)
Event: 82742.223 Thread 0x0f808400 nmethod 4914 0x0d73f7c8 code [0x0d73f8e0, 0x0d73f9f4]
Event: 82742.223 Thread 0x0f808400 4915             javax.swing.JLabel::getUIClassID (3 bytes)
Event: 82742.223 Thread 0x0f808400 nmethod 4915 0x0d73fac8 code [0x0d73fbc0, 0x0d73fc40]
Event: 82742.224 Thread 0x0f808400 4916             javax.swing.JLabel::setUI (25 bytes)
Event: 82742.224 Thread 0x0f808400 nmethod 4916 0x0d73fc88 code [0x0d73fd90, 0x0d73fe68]
Event: 82742.224 Thread 0x0f808400 4917             javax.swing.JLabel::<init> (92 bytes)
Event: 82742.224 Thread 0x0f808400 nmethod 4917 0x0d73ff08 code [0x0d740040, 0x0d74020c]
Event: 82742.224 Thread 0x0f808400 4918             com.jgoodies.forms.layout.FormLayout$PreferredHeightMeasure::sizeOf (12 bytes)
Event: 82742.224 Thread 0x0f808400 nmethod 4918 0x0d740308 code [0x0d740410, 0x0d7404ac]

GC Heap History (10 events):
Event: 82631.938 GC heap before
{Heap before GC invocations=939 (full 6):
 def new generation   total 27968K, used 24939K [0x102e0000, 0x12130000, 0x122e0000)
  eden space 24896K, 100% used [0x102e0000, 0x11b30000, 0x11b30000)
  from space 3072K,   1% used [0x11b30000, 0x11b3ac20, 0x11e30000)
  to   space 3072K,   0% used [0x11e30000, 0x11e30000, 0x12130000)
 tenured generation   total 92980K, used 82385K [0x122e0000, 0x17dad000, 0x182e0000)
   the space 92980K,  88% used [0x122e0000, 0x173547b8, 0x17354800, 0x17dad000)
 compacting perm gen  total 36608K, used 36577K [0x182e0000, 0x1a6a0000, 0x1e2e0000)
   the space 36608K,  99% used [0x182e0000, 0x1a6985b0, 0x1a698600, 0x1a6a0000)
No shared spaces configured.
Event: 82631.940 GC heap after
Heap after GC invocations=940 (full 6):
 def new generation   total 27968K, used 25K [0x102e0000, 0x12130000, 0x122e0000)
  eden space 24896K,   0% used [0x102e0000, 0x102e0000, 0x11b30000)
  from space 3072K,   0% used [0x11e30000, 0x11e36428, 0x12130000)
  to   space 3072K,   0% used [0x11b30000, 0x11b30000, 0x11e30000)
 tenured generation   total 92980K, used 82385K [0x122e0000, 0x17dad000, 0x182e0000)
   the space 92980K,  88% used [0x122e0000, 0x173547b8, 0x17354800, 0x17dad000)
 compacting perm gen  total 36608K, used 36577K [0x182e0000, 0x1a6a0000, 0x1e2e0000)
   the space 36608K,  99% used [0x182e0000, 0x1a6985b0, 0x1a698600, 0x1a6a0000)
No shared spaces configured.
}
Event: 82724.661 GC heap before
{Heap before GC invocations=940 (full 6):
 def new generation   total 27968K, used 24921K [0x102e0000, 0x12130000, 0x122e0000)
  eden space 24896K, 100% used [0x102e0000, 0x11b30000, 0x11b30000)
  from space 3072K,   0% used [0x11e30000, 0x11e36428, 0x12130000)
  to   space 3072K,   0% used [0x11b30000, 0x11b30000, 0x11e30000)
 tenured generation   total 92980K, used 82385K [0x122e0000, 0x17dad000, 0x182e0000)
   the space 92980K,  88% used [0x122e0000, 0x173547b8, 0x17354800, 0x17dad000)
 compacting perm gen  total 36864K, used 36665K [0x182e0000, 0x1a6e0000, 0x1e2e0000)
   the space 36864K,  99% used [0x182e0000, 0x1a6ae4e8, 0x1a6ae600, 0x1a6e0000)
No shared spaces configured.
Event: 82724.724 GC heap after
Heap after GC invocations=941 (full 6):
 def new generation   total 27968K, used 205K [0x102e0000, 0x12130000, 0x122e0000)
  eden space 24896K,   0% used [0x102e0000, 0x102e0000, 0x11b30000)
  from space 3072K,   6% used [0x11b30000, 0x11b63708, 0x11e30000)
  to   space 3072K,   0% used [0x11e30000, 0x11e30000, 0x12130000)
 tenured generation   total 92980K, used 82385K [0x122e0000, 0x17dad000, 0x182e0000)
   the space 92980K,  88% used [0x122e0000, 0x173547b8, 0x17354800, 0x17dad000)
 compacting perm gen  total 36864K, used 36665K [0x182e0000, 0x1a6e0000, 0x1e2e0000)
   the space 36864K,  99% used [0x182e0000, 0x1a6ae4e8, 0x1a6ae600, 0x1a6e0000)
No shared spaces configured.
}
Event: 82735.529 GC heap before
{Heap before GC invocations=941 (full 6):
 def new generation   total 27968K, used 25061K [0x102e0000, 0x12130000, 0x122e0000)
  eden space 24896K,  99% used [0x102e0000, 0x11b25fc0, 0x11b30000)
  from space 3072K,   6% used [0x11b30000, 0x11b63708, 0x11e30000)
  to   space 3072K,   0% used [0x11e30000, 0x11e30000, 0x12130000)
 tenured generation   total 92980K, used 82385K [0x122e0000, 0x17dad000, 0x182e0000)
   the space 92980K,  88% used [0x122e0000, 0x173547b8, 0x17354800, 0x17dad000)
 compacting perm gen  total 36864K, used 36696K [0x182e0000, 0x1a6e0000, 0x1e2e0000)
   the space 36864K,  99% used [0x182e0000, 0x1a6b60d8, 0x1a6b6200, 0x1a6e0000)
No shared spaces configured.
Event: 82735.605 GC heap after
Heap after GC invocations=942 (full 6):
 def new generation   total 27968K, used 362K [0x102e0000, 0x12130000, 0x122e0000)
  eden space 24896K,   0% used [0x102e0000, 0x102e0000, 0x11b30000)
  from space 3072K,  11% used [0x11e30000, 0x11e8abf8, 0x12130000)
  to   space 3072K,   0% used [0x11b30000, 0x11b30000, 0x11e30000)
 tenured generation   total 92980K, used 82385K [0x122e0000, 0x17dad000, 0x182e0000)
   the space 92980K,  88% used [0x122e0000, 0x173547b8, 0x17354800, 0x17dad000)
 compacting perm gen  total 36864K, used 36696K [0x182e0000, 0x1a6e0000, 0x1e2e0000)
   the space 36864K,  99% used [0x182e0000, 0x1a6b60d8, 0x1a6b6200, 0x1a6e0000)
No shared spaces configured.
}
Event: 82741.181 GC heap before
{Heap before GC invocations=942 (full 6):
 def new generation   total 27968K, used 25258K [0x102e0000, 0x12130000, 0x122e0000)
  eden space 24896K, 100% used [0x102e0000, 0x11b30000, 0x11b30000)
  from space 3072K,  11% used [0x11e30000, 0x11e8abf8, 0x12130000)
  to   space 3072K,   0% used [0x11b30000, 0x11b30000, 0x11e30000)
 tenured generation   total 92980K, used 82385K [0x122e0000, 0x17dad000, 0x182e0000)
   the space 92980K,  88% used [0x122e0000, 0x173547b8, 0x17354800, 0x17dad000)
 compacting perm gen  total 36864K, used 36696K [0x182e0000, 0x1a6e0000, 0x1e2e0000)
   the space 36864K,  99% used [0x182e0000, 0x1a6b6128, 0x1a6b6200, 0x1a6e0000)
No shared spaces configured.
Event: 82741.289 GC heap after
Heap after GC invocations=943 (full 6):
 def new generation   total 27968K, used 728K [0x102e0000, 0x12130000, 0x122e0000)
  eden space 24896K,   0% used [0x102e0000, 0x102e0000, 0x11b30000)
  from space 3072K,  23% used [0x11b30000, 0x11be6120, 0x11e30000)
  to   space 3072K,   0% used [0x11e30000, 0x11e30000, 0x12130000)
 tenured generation   total 92980K, used 82385K [0x122e0000, 0x17dad000, 0x182e0000)
   the space 92980K,  88% used [0x122e0000, 0x173547b8, 0x17354800, 0x17dad000)
 compacting perm gen  total 36864K, used 36696K [0x182e0000, 0x1a6e0000, 0x1e2e0000)
   the space 36864K,  99% used [0x182e0000, 0x1a6b6128, 0x1a6b6200, 0x1a6e0000)
No shared spaces configured.
}
Event: 82742.401 GC heap before
{Heap before GC invocations=943 (full 6):
 def new generation   total 27968K, used 25624K [0x102e0000, 0x12130000, 0x122e0000)
  eden space 24896K, 100% used [0x102e0000, 0x11b30000, 0x11b30000)
  from space 3072K,  23% used [0x11b30000, 0x11be6120, 0x11e30000)
  to   space 3072K,   0% used [0x11e30000, 0x11e30000, 0x12130000)
 tenured generation   total 92980K, used 82385K [0x122e0000, 0x17dad000, 0x182e0000)
   the space 92980K,  88% used [0x122e0000, 0x173547b8, 0x17354800, 0x17dad000)
 compacting perm gen  total 36864K, used 36698K [0x182e0000, 0x1a6e0000, 0x1e2e0000)
   the space 36864K,  99% used [0x182e0000, 0x1a6b68d0, 0x1a6b6a00, 0x1a6e0000)
No shared spaces configured.
Event: 82742.429 GC heap after
Heap after GC invocations=944 (full 6):
 def new generation   total 27968K, used 1573K [0x102e0000, 0x12130000, 0x122e0000)
  eden space 24896K,   0% used [0x102e0000, 0x102e0000, 0x11b30000)
  from space 3072K,  51% used [0x11e30000, 0x11fb9628, 0x12130000)
  to   space 3072K,   0% used [0x11b30000, 0x11b30000, 0x11e30000)
 tenured generation   total 92980K, used 82385K [0x122e0000, 0x17dad000, 0x182e0000)
   the space 92980K,  88% used [0x122e0000, 0x173547b8, 0x17354800, 0x17dad000)
 compacting perm gen  total 36864K, used 36698K [0x182e0000, 0x1a6e0000, 0x1e2e0000)
   the space 36864K,  99% used [0x182e0000, 0x1a6b68d0, 0x1a6b6a00, 0x1a6e0000)
No shared spaces configured.
}

Deoptimization events (0 events):
No events

Internal exceptions (10 events):
Event: 82742.312 Thread 0x20abc800 Threw 0x11a916c0 at C:\jdk7u1_32P\jdk7u11\hotspot\src\share\vm\runtime\sharedRuntime.cpp:613
Event: 82742.313 Thread 0x20abc800 NullPointerException at vtable entry 0x0d004444
Event: 82742.313 Thread 0x20abc800 Threw 0x11a91d50 at C:\jdk7u1_32P\jdk7u11\hotspot\src\share\vm\runtime\sharedRuntime.cpp:613
Event: 82742.313 Thread 0x20abc800 NullPointerException at vtable entry 0x0d004444
Event: 82742.313 Thread 0x20abc800 Threw 0x11a92b38 at C:\jdk7u1_32P\jdk7u11\hotspot\src\share\vm\runtime\sharedRuntime.cpp:613
Event: 82742.313 Thread 0x20abc800 NullPointerException at vtable entry 0x0d004444
Event: 82742.313 Thread 0x20abc800 Threw 0x11a93338 at C:\jdk7u1_32P\jdk7u11\hotspot\src\share\vm\runtime\sharedRuntime.cpp:613
Event: 82742.313 Thread 0x20abc800 NullPointerException at vtable entry 0x0d004444
Event: 82742.313 Thread 0x20abc800 Threw 0x11a93af8 at C:\jdk7u1_32P\jdk7u11\hotspot\src\share\vm\runtime\sharedRuntime.cpp:613
Event: 82742.534 Thread 0x29ebc000 Threw 0x104b12a8 at C:\jdk7u1_32P\jdk7u11\hotspot\src\share\vm\prims\jni.cpp:1597

Events (10 events):
Event: 82742.268 Executing VM operation: RevokeBias
Event: 82742.292 Executing VM operation: RevokeBias done
Event: 82742.300 Thread 0x29ebe400 Thread added: 0x29ebe400
Event: 82742.401 Executing VM operation: GenCollectForAllocation
Event: 82742.429 Executing VM operation: GenCollectForAllocation done
Event: 82742.430 Executing VM operation: RevokeBias
Event: 82742.430 Executing VM operation: RevokeBias done
Event: 82742.433 Thread 0x29ebe400 Thread exited: 0x29ebe400
Event: 82742.522 Executing VM operation: RevokeBias
Event: 82742.522 Executing VM operation: RevokeBias done


Dynamic libraries:
0x00400000 - 0x00426000 	C:\Program Files\MATLAB\R2013b\bin\win32\MATLAB.exe
0x774e0000 - 0x77622000 	C:\Windows\SYSTEM32\ntdll.dll
0x76780000 - 0x76855000 	C:\Windows\system32\kernel32.dll
0x75590000 - 0x755db000 	C:\Windows\system32\KERNELBASE.dll
0x753a0000 - 0x75411000 	C:\Windows\System32\SYSFER.DLL
0x10000000 - 0x102db000 	C:\Program Files\MATLAB\R2013b\bin\win32\libmwservices.dll
0x7dec0000 - 0x7df65000 	C:\Program Files\MATLAB\R2013b\bin\win32\libmwi18n.dll
0x7deb0000 - 0x7debb000 	C:\Program Files\MATLAB\R2013b\bin\win32\libmwresource_core.dll
0x745a0000 - 0x74609000 	C:\Program Files\MATLAB\R2013b\bin\win32\MSVCP100.dll
0x744e0000 - 0x7459f000 	C:\Program Files\MATLAB\R2013b\bin\win32\MSVCR100.dll
0x73570000 - 0x7357c000 	C:\Program Files\MATLAB\R2013b\bin\win32\boost_date_time-vc100-mt-1_49.dll
0x000e0000 - 0x00105000 	C:\Program Files\MATLAB\R2013b\bin\win32\boost_filesystem-vc100-mt-1_49.dll
0x00110000 - 0x00117000 	C:\Program Files\MATLAB\R2013b\bin\win32\boost_system-vc100-mt-1_49.dll
0x76bc0000 - 0x76c61000 	C:\Windows\system32\ADVAPI32.dll
0x76630000 - 0x766dc000 	C:\Windows\system32\msvcrt.dll
0x76d50000 - 0x76d69000 	C:\Windows\SYSTEM32\sechost.dll
0x76dd0000 - 0x76e72000 	C:\Windows\system32\RPCRT4.dll
0x00120000 - 0x00141000 	C:\Program Files\MATLAB\R2013b\bin\win32\LIBEXPAT.dll
0x7dce0000 - 0x7de29000 	C:\Program Files\MATLAB\R2013b\bin\win32\icuin49.dll
0x7dbd0000 - 0x7dcd7000 	C:\Program Files\MATLAB\R2013b\bin\win32\icuuc49.dll
0x00c40000 - 0x01d62000 	C:\Program Files\MATLAB\R2013b\bin\win32\icudt49.dll
0x7dbc0000 - 0x7dbcd000 	C:\Program Files\MATLAB\R2013b\bin\win32\icuio49.dll
0x00290000 - 0x00325000 	C:\Program Files\MATLAB\R2013b\bin\win32\libut.dll
0x7da60000 - 0x7dbb7000 	C:\Program Files\MATLAB\R2013b\bin\win32\libmwfl.dll
0x01d70000 - 0x020b5000 	C:\Program Files\MATLAB\R2013b\bin\win32\libmwMATLAB_res.dll
0x00330000 - 0x003e4000 	C:\Program Files\MATLAB\R2013b\bin\win32\boost_regex-vc100-mt-1_49.dll
0x77650000 - 0x77719000 	C:\Windows\system32\USER32.dll
0x77250000 - 0x7729e000 	C:\Windows\system32\GDI32.dll
0x77630000 - 0x7763a000 	C:\Windows\system32\LPK.dll
0x766e0000 - 0x7677d000 	C:\Windows\system32\USP10.dll
0x003f0000 - 0x003fe000 	C:\Program Files\MATLAB\R2013b\bin\win32\boost_signals-vc100-mt-1_49.dll
0x020c0000 - 0x020ce000 	C:\Program Files\MATLAB\R2013b\bin\win32\boost_thread-vc100-mt-1_49.dll
0x020d0000 - 0x02144000 	C:\Program Files\MATLAB\R2013b\bin\win32\boost_log-vc100-mt-1_49.dll
0x77640000 - 0x77645000 	C:\Windows\system32\PSAPI.DLL
0x76d10000 - 0x76d45000 	C:\Windows\system32\WS2_32.dll
0x76b20000 - 0x76b26000 	C:\Windows\system32\NSI.dll
0x02150000 - 0x02178000 	C:\Program Files\MATLAB\R2013b\bin\win32\tbb.dll
0x76c90000 - 0x76cbb000 	C:\Windows\system32\imagehlp.dll
0x74760000 - 0x74785000 	C:\Windows\system32\POWRPROF.dll
0x76490000 - 0x7662d000 	C:\Windows\system32\SETUPAPI.dll
0x75530000 - 0x75557000 	C:\Windows\system32\CFGMGR32.dll
0x76a90000 - 0x76b1f000 	C:\Windows\system32\OLEAUT32.dll
0x770f0000 - 0x7724d000 	C:\Windows\system32\ole32.dll
0x75560000 - 0x75572000 	C:\Windows\system32\DEVOBJ.dll
0x7d250000 - 0x7d317000 	C:\Program Files\MATLAB\R2013b\bin\win32\libmx.dll
0x02180000 - 0x02198000 	C:\Program Files\MATLAB\R2013b\bin\win32\tbbmalloc.dll
0x021a0000 - 0x021b4000 	C:\Program Files\MATLAB\R2013b\bin\win32\zlib1.dll
0x7d1f0000 - 0x7d22e000 	C:\Program Files\MATLAB\R2013b\bin\win32\libmwregexp.dll
0x7d1b0000 - 0x7d1e8000 	C:\Program Files\MATLAB\R2013b\bin\win32\mpath.dll
0x021c0000 - 0x0270e000 	C:\Program Files\MATLAB\R2013b\bin\win32\mlutil.dll
0x7cc50000 - 0x7ccb2000 	C:\Program Files\MATLAB\R2013b\bin\win32\xmlcore.dll
0x02710000 - 0x028d0000 	C:\Program Files\MATLAB\R2013b\bin\win32\xerces-c_2_7.dll
0x7ca70000 - 0x7ca91000 	C:\Program Files\MATLAB\R2013b\bin\win32\libmwMATLAB_settings_res.dll
0x73290000 - 0x7329d000 	C:\Program Files\MATLAB\R2013b\bin\win32\boost_iostreams-vc100-mt-1_49.dll
0x73250000 - 0x7328e000 	C:\Program Files\MATLAB\R2013b\bin\win32\boost_serialization-vc100-mt-1_49.dll
0x75840000 - 0x7648c000 	C:\Windows\system32\SHELL32.dll
0x76d70000 - 0x76dc7000 	C:\Windows\system32\SHLWAPI.dll
0x7ca10000 - 0x7ca15000 	C:\Program Files\MATLAB\R2013b\bin\win32\libmwnativedisplay.dll
0x028e0000 - 0x0291d000 	C:\Program Files\MATLAB\R2013b\bin\win32\opccore.dll
0x02920000 - 0x029ce000 	C:\Program Files\MATLAB\R2013b\bin\win32\opcmodel.dll
0x029d0000 - 0x029f3000 	C:\Program Files\MATLAB\R2013b\bin\win32\opczippackage.dll
0x02a00000 - 0x02a0d000 	C:\Program Files\MATLAB\R2013b\bin\win32\libminizip.dll
0x02a10000 - 0x02a61000 	C:\Program Files\MATLAB\R2013b\bin\win32\opcmwservices.dll
0x02a70000 - 0x02af4000 	C:\Windows\WinSxS\x86_microsoft.windows.common-controls_6595b64144ccf1df_5.82.7601.18837_none_ec86b8d6858ec0bc\COMCTL32.dll
0x757c0000 - 0x7583b000 	C:\Windows\system32\COMDLG32.dll
0x74ae0000 - 0x74af1000 	C:\Windows\system32\NETAPI32.dll
0x74ad0000 - 0x74ad9000 	C:\Windows\system32\netutils.dll
0x75200000 - 0x75219000 	C:\Windows\system32\srvcli.dll
0x74ac0000 - 0x74acf000 	C:\Windows\system32\wkscli.dll
0x7c980000 - 0x7ca0a000 	C:\Program Files\MATLAB\R2013b\bin\win32\mcr.dll
0x02b00000 - 0x02e98000 	C:\Program Files\MATLAB\R2013b\bin\win32\iqm.dll
0x02ea0000 - 0x02f2d000 	C:\Program Files\MATLAB\R2013b\bin\win32\m_dispatcher.dll
0x02f30000 - 0x03476000 	C:\Program Files\MATLAB\R2013b\bin\win32\m_interpreter.dll
0x7bef0000 - 0x7bf0c000 	C:\Program Files\MATLAB\R2013b\bin\win32\libmex.dll
0x7be90000 - 0x7bef0000 	C:\Program Files\MATLAB\R2013b\bin\win32\profiler.dll
0x7bc20000 - 0x7bd6e000 	C:\Program Files\MATLAB\R2013b\bin\win32\libmwmathutil.dll
0x03480000 - 0x034a1000 	C:\Program Files\MATLAB\R2013b\bin\win32\libmwmathrng.dll
0x7bbf0000 - 0x7bbfe000 	C:\Program Files\MATLAB\R2013b\bin\win32\libmwmfl_rng.dll
0x034b0000 - 0x0357f000 	C:\Program Files\MATLAB\R2013b\bin\win32\libmwmathcore.dll
0x7baf0000 - 0x7bb38000 	C:\Program Files\MATLAB\R2013b\bin\win32\libmwspmatrix.dll
0x03580000 - 0x03738000 	C:\Program Files\MATLAB\R2013b\bin\win32\mcos.dll
0x7b8b0000 - 0x7b8fa000 	C:\Program Files\MATLAB\R2013b\bin\win32\libmwcholmod.dll
0x7b8a0000 - 0x7b8a9000 	C:\Program Files\MATLAB\R2013b\bin\win32\libmwamd.dll
0x7b890000 - 0x7b899000 	C:\Program Files\MATLAB\R2013b\bin\win32\libmwcolamd.dll
0x7b880000 - 0x7b88b000 	C:\Program Files\MATLAB\R2013b\bin\win32\libmwblas.dll
0x7b860000 - 0x7b871000 	C:\Program Files\MATLAB\R2013b\bin\win32\libmwbinder.dll
0x7b850000 - 0x7b859000 	C:\Program Files\MATLAB\R2013b\bin\win32\libmwompwrapper.dll
0x7b810000 - 0x7b844000 	C:\Program Files\MATLAB\R2013b\bin\win32\libmwlapack.dll
0x7b7f0000 - 0x7b807000 	C:\Program Files\MATLAB\R2013b\bin\win32\m_pcodeio.dll
0x7b7a0000 - 0x7b7e9000 	C:\Program Files\MATLAB\R2013b\bin\win32\m_ir.dll
0x03740000 - 0x03cdc000 	C:\Program Files\MATLAB\R2013b\bin\win32\m_parser.dll
0x7b1f0000 - 0x7b201000 	C:\Program Files\MATLAB\R2013b\bin\win32\ir_xfmr.dll
0x7b1e0000 - 0x7b1ee000 	C:\Program Files\MATLAB\R2013b\bin\win32\mtok.dll
0x7b1b0000 - 0x7b1d1000 	C:\Program Files\MATLAB\R2013b\bin\win32\m_pcodegen.dll
0x7b180000 - 0x7b1a7000 	C:\Program Files\MATLAB\R2013b\bin\win32\libmwbridge.dll
0x7b0e0000 - 0x7b171000 	C:\Program Files\MATLAB\R2013b\bin\win32\udd.dll
0x7afc0000 - 0x7b0da000 	C:\Program Files\MATLAB\R2013b\bin\win32\libmwgui.dll
0x7afa0000 - 0x7afc0000 	C:\Program Files\MATLAB\R2013b\bin\win32\graphics_util.dll
0x03ce0000 - 0x03d92000 	C:\Program Files\MATLAB\R2013b\bin\win32\libtex_base.dll
0x7a790000 - 0x7aef3000 	C:\Program Files\MATLAB\R2013b\bin\win32\hg.dll
0x7a740000 - 0x7a789000 	C:\Program Files\MATLAB\R2013b\bin\win32\libmat.dll
0x03da0000 - 0x03f89000 	C:\Program Files\MATLAB\R2013b\bin\win32\hdf5dll.dll
0x7a4a0000 - 0x7a547000 	C:\Program Files\MATLAB\R2013b\bin\win32\jmi.dll
0x7a490000 - 0x7a49c000 	C:\Program Files\MATLAB\R2013b\bin\win32\nativejava_services.dll
0x7a450000 - 0x7a484000 	C:\Program Files\MATLAB\R2013b\bin\win32\libmwhardcopy.dll
0x7a400000 - 0x7a448000 	C:\Program Files\MATLAB\R2013b\bin\win32\libuij.dll
0x7a220000 - 0x7a3c4000 	C:\Program Files\MATLAB\R2013b\bin\win32\hgdatatypes.dll
0x03fa0000 - 0x0407d000 	C:\Program Files\MATLAB\R2013b\bin\win32\hgutils.dll
0x7a0d0000 - 0x7a159000 	C:\Program Files\MATLAB\R2013b\bin\win32\udd_mi.dll
0x7a0a0000 - 0x7a0cd000 	C:\Program Files\MATLAB\R2013b\bin\win32\libmwgbtutils.dll
0x7a090000 - 0x7a0a0000 	C:\Program Files\MATLAB\R2013b\bin\win32\libmwgbt.dll
0x04080000 - 0x04327000 	C:\Program Files\MATLAB\R2013b\bin\win32\uiw.dll
0x79dd0000 - 0x79dd8000 	C:\Program Files\MATLAB\R2013b\bin\win32\uinone.dll
0x04330000 - 0x04353000 	C:\Program Files\MATLAB\R2013b\bin\win32\libmwnativedialogs.dll
0x79da0000 - 0x79da9000 	C:\Program Files\MATLAB\R2013b\bin\win32\libmwplatform_res.dll
0x04370000 - 0x04382000 	C:\Windows\system32\MPR.dll
0x04390000 - 0x047c8000 	C:\Program Files\MATLAB\R2013b\bin\win32\mfc100.dll
0x047d0000 - 0x047d5000 	C:\Windows\system32\MSIMG32.dll
0x047e0000 - 0x04831000 	C:\Windows\system32\WINSPOOL.DRV
0x79d80000 - 0x79d96000 	C:\Program Files\MATLAB\R2013b\bin\win32\mwoles05.DLL
0x79d20000 - 0x79d73000 	C:\Program Files\MATLAB\R2013b\bin\win32\comcli.dll
0x04840000 - 0x04866000 	C:\Program Files\MATLAB\R2013b\bin\win32\ATL100.DLL
0x79d10000 - 0x79d1a000 	C:\Program Files\MATLAB\R2013b\bin\win32\mlautoregister.dll
0x04870000 - 0x049c5000 	C:\Program Files\MATLAB\R2013b\bin\win32\mvm.dll
0x76c70000 - 0x76c8f000 	C:\Windows\system32\IMM32.DLL
0x769b0000 - 0x76a7c000 	C:\Windows\system32\MSCTF.dll
0x73e40000 - 0x73e80000 	C:\Windows\system32\UxTheme.dll
0x73b90000 - 0x73ba3000 	C:\Windows\system32\dwmapi.dll

VM Arguments:
jvm_args: -Xss512k -XX:PermSize=32m -Xms64m -XX:NewRatio=3 -XX:MaxPermSize=96m -Xmx128m -XX:MaxDirectMemorySize=1200000000 -Dsun.java2d.noddraw=true -Dsun.awt.nopixfmt=true -Xshare:off -Xrs -XX:-UseSplitVerifier -Djava.library.path=C:\Program Files\MATLAB\R2013b\bin\win32;C:\Program Files\MATLAB\R2013b\sys\jxbrowser\win32\lib vfprintf abort -Duser.language=en -Duser.country=US 
java_command: <unknown>
Launcher Type: generic

Environment Variables:
PATH=C:\Program Files\NVIDIA Corporation\PhysX\Common;C:\Program Files\Tecplot\Tec360 2012R1\Bin;C:\Windows\system32;C:\Windows;C:\Windows\System32\Wbem;C:\Windows\System32\WindowsPowerShell\v1.0\;c:\Program Files\ATI Technologies\ATI.ACE\Core-Static;C:\Program Files\NTRU Cryptosystems\NTRU TCG Software Stack\bin\;C:\Program Files\Wave Systems Corp\Gemalto\Access Client\v5\;C:\Program Files\Common Files\Roxio Shared\DLLShared\;C:\Program Files\Common Files\Roxio Shared\10.0\DLLShared\;C:\Program Files\proeWildfire 5.0\bin;C:\Program Files\proeWildfire 5.0\mech\bin;c:\program files\MATLAB\R2013b\runtime\win32;c:\program files\MATLAB\R2013b\bin;c:\program files\MATLAB\R2011b\runtime\win32;c:\program files\MATLAB\R2011b\bin;C:\Program Files\Autodesk\Backburner\;C:\Program Files\Common Files\Autodesk Shared\;C:\Program Files\IVI Foundation\IVI\bin;C:\Program Files\IVI Foundation\VISA\WinNT\Bin\;C:\Program Files\IVI Foundation\VISA\WinNT\Bin;C:\Program Files\MATLAB\MATLAB Component Runtime\v74\runtime\win32;C:\Program Files\MiKTeX 2.9\miktex\bin\;C:\Program Files\Microsoft SQL Server\110\Tools\Binn\;C:\opencv\build\x86\vc12\bin;C:\Users\rschur\Anaconda2;C:\Program Files\Microsoft SQL Server\120\Tools\Binn\;C:\Program Files\Windows Kits\10\Windows Performance Toolkit\;C:\Users\rschur\Anaconda2;C:\Users\rschur\Anaconda2\Scripts;C:\Users\rschur\Anaconda2\Library\bin;C:\Users\Randy Schur\Anaconda;C:\Users\Randy Schur\Anaconda\Scripts
USERNAME=rschur
OS=Windows_NT
PROCESSOR_IDENTIFIER=x86 Family 6 Model 26 Stepping 5, GenuineIntel



---------------  S Y S T E M  ---------------

OS: Windows 7 Build 7601 Service Pack 1

CPU:total 4 (4 cores per cpu, 2 threads per core) family 6 model 26 stepping 5, cmov, cx8, fxsr, mmx, sse, sse2, sse3, ssse3, sse4.1, sse4.2, popcnt, ht, tsc, tscinvbit, tscinv

Memory: 4k page, physical 3667512k(1042416k free), swap 7333308k(2290756k free)

vm_info: Java HotSpot(TM) Client VM (23.6-b04) for windows-x86 JRE (1.7.0_11-b21), built on Jan 12 2013 02:19:22 by "java_re" with unknown MS VC++:1600

time: Wed Jul 06 13:42:42 2016
elapsed time: 82743 seconds

