#
# A fatal error has been detected by the Java Runtime Environment:
#
#  EXCEPTION_ACCESS_VIOLATION (0xc0000005) at pc=0x0757793b, pid=5156, tid=7040
#
# JRE version: 7.0_11-b21
# Java VM: Java HotSpot(TM) Client VM (23.6-b04 mixed mode windows-x86 )
# Problematic frame:
# C  0x0757793b  JNI_CreateJavaVM+0xe00b
#
# Failed to write core dump. Minidumps are not enabled by default on client versions of Windows
#
# If you would like to submit a bug report, please visit:
#   http://bugreport.sun.com/bugreport/crash.jsp
#

---------------  T H R E A D  ---------------

Current thread (0x207cb800):  JavaThread "Code Analyzer updating thread" [_thread_in_vm, id=7040, stack(0x08310000,0x08390000)]

siginfo: ExceptionCode=0xc0000005, reading address 0x00000000

Registers:
EAX=0x00000000, EBX=0x207cb928, ECX=0x207cb800, EDX=0x0774c4b8
ESP=0x0838f258, EBP=0x0838f2a0, ESI=0x207cb800, EDI=0x00000000
EIP=0x0757793b, EFLAGS=0x00010246

Top of Stack: (sp=0x0838f258)
0x0838f258:   271acb08 207cb928 6fcf301a 074c3d63
0x0838f268:   207cb800 81beba78 271acb08 207cb800
0x0838f278:   6fcf301a 0838f26c f1725358 0838f2fc
0x0838f288:   0772ce7e 8effd5f4 207cb800 2128f054
0x0838f298:   0000063d 0774c4b8 0838f2b8 6fcf10fd
0x0838f2a8:   207cb928 271acb08 00000000 0838f2cc
0x0838f2b8:   0838fb48 6fcf304a 207cb928 271acb08
0x0838f2c8:   00000000 00152dc7 0838fb3c 0838f56c 

Instructions: (pc=0x0757793b)
0x0757791b:   f4 ff 83 c4 08 83 7e 04 00 89 75 f0 c7 45 f4 00
0x0757792b:   00 00 00 74 08 8d 4d f0 e8 48 58 0b 00 8b 7d 10
0x0757793b:   8b 0f c7 45 e0 0c 00 00 00 e8 b7 31 f5 ff 50 8d
0x0757794b:   4d c4 e8 4e 88 08 00 8b 45 14 56 8d 4d c4 51 53 


Register to memory mapping:

EAX=0x00000000 is an unknown value
EBX=0x207cb928 is an unknown value
ECX=0x207cb800 is a thread
EDX=0x0774c4b8 is an unknown value
ESP=0x0838f258 is pointing into the stack for thread: 0x207cb800
EBP=0x0838f2a0 is pointing into the stack for thread: 0x207cb800
ESI=0x207cb800 is a thread
EDI=0x00000000 is an unknown value


Stack: [0x08310000,0x08390000],  sp=0x0838f258,  free space=508k
Native frames: (J=compiled Java code, j=interpreted, Vv=VM code, C=native code)
C  0x0757793b  JNI_CreateJavaVM+0xe00b
C  0x6fcf10fd
C  0x6fcf304a  Java_com_mathworks_widgets_text_mcode_MLint_nativeGetMessages+0x6fa
j  com.mathworks.widgets.text.mcode.MLint.nativeGetMessages(Ljava/lang/String;Ljava/lang/String;)Ljava/util/List;+0
j  com.mathworks.widgets.text.mcode.MLint.getMessages(Ljava/lang/String;Ljava/lang/String;Lcom/mathworks/widgets/text/mcode/MLintConfiguration;Z)Ljava/util/List;+67
j  com.mathworks.widgets.text.mcode.analyzer.CodeAnalyzerThread.doMLint()V+95
j  com.mathworks.widgets.text.mcode.analyzer.CodeAnalyzerThread.access$400(Lcom/mathworks/widgets/text/mcode/analyzer/CodeAnalyzerThread;)V+1
j  com.mathworks.widgets.text.mcode.analyzer.CodeAnalyzerThread$MLintRunnable.run()V+14
j  java.lang.Thread.run()V+11
v  ~StubRoutines::call_stub
C  0x075ea3ba  JVM_Clone+0x4982a
C  0x076997de  JVM_FindSignal+0x602de
C  0x075ea5a3  JVM_Clone+0x49a13
C  0x075ea607  JVM_Clone+0x49a77
C  0x0759315f  jio_fprintf+0x17f
C  0x0760a6b7  JVM_Clone+0x69b27
C  0x0760a820  JVM_Clone+0x69c90
C  0x0763f009  JVM_FindSignal+0x5b09
C  [MSVCR100.dll+0x5c556]  endthreadex+0x3a
C  [MSVCR100.dll+0x5c600]  endthreadex+0xe4
C  [kernel32.dll+0x4ef1c]  BaseThreadInitThunk+0x12
C  [ntdll.dll+0x63648]  RtlInitializeExceptionChain+0xef
C  [ntdll.dll+0x6361b]  RtlInitializeExceptionChain+0xc2

Java frames: (J=compiled Java code, j=interpreted, Vv=VM code)
j  com.mathworks.widgets.text.mcode.MLint.nativeGetMessages(Ljava/lang/String;Ljava/lang/String;)Ljava/util/List;+0
j  com.mathworks.widgets.text.mcode.MLint.getMessages(Ljava/lang/String;Ljava/lang/String;Lcom/mathworks/widgets/text/mcode/MLintConfiguration;Z)Ljava/util/List;+67
j  com.mathworks.widgets.text.mcode.analyzer.CodeAnalyzerThread.doMLint()V+95
j  com.mathworks.widgets.text.mcode.analyzer.CodeAnalyzerThread.access$400(Lcom/mathworks/widgets/text/mcode/analyzer/CodeAnalyzerThread;)V+1
j  com.mathworks.widgets.text.mcode.analyzer.CodeAnalyzerThread$MLintRunnable.run()V+14
j  java.lang.Thread.run()V+11
v  ~StubRoutines::call_stub

---------------  P R O C E S S  ---------------

Java Threads: ( => current thread )
=>0x207cb800 JavaThread "Code Analyzer updating thread" [_thread_in_vm, id=7040, stack(0x08310000,0x08390000)]
  0x207cb000 JavaThread "Prefs Updater" daemon [_thread_blocked, id=5368, stack(0x08210000,0x08290000)]
  0x207c7000 JavaThread "Swing-Shell" daemon [_thread_blocked, id=1352, stack(0x08390000,0x08410000)]
  0x207c9c00 JavaThread "Code Analyzer updating thread" [_thread_blocked, id=5836, stack(0x28610000,0x28690000)]
  0x207c9800 JavaThread "Code Analyzer updating thread" [_thread_blocked, id=752, stack(0x28590000,0x28610000)]
  0x207c7800 JavaThread "Code Analyzer updating thread" [_thread_blocked, id=7680, stack(0x28310000,0x28390000)]
  0x207c9000 JavaThread "Code Analyzer updating thread" [_thread_blocked, id=7448, stack(0x28510000,0x28590000)]
  0x207c8c00 JavaThread "Active Reference Queue Daemon" daemon [_thread_blocked, id=3400, stack(0x28490000,0x28510000)]
  0x207c8400 JavaThread "Timer-1" daemon [_thread_blocked, id=808, stack(0x28410000,0x28490000)]
  0x207c8000 JavaThread "ClipboardMonitor Timer" daemon [_thread_blocked, id=6436, stack(0x28390000,0x28410000)]
  0x207c6c00 JavaThread "Explorer NavigationContext request queue" daemon [_thread_blocked, id=6648, stack(0x28210000,0x28290000)]
  0x207c5800 JavaThread "AddressBar directory emptiness poller" daemon [_thread_blocked, id=8108, stack(0x28090000,0x28110000)]
  0x207c5400 JavaThread "Explorer Refresh Service 6099790" daemon [_thread_blocked, id=6292, stack(0x23350000,0x233d0000)]
  0x207c4c00 JavaThread "Thread-4" daemon [_thread_blocked, id=6932, stack(0x22ff0000,0x23070000)]
  0x207c4400 JavaThread "TimerQueue" daemon [_thread_blocked, id=7152, stack(0x22a60000,0x22ae0000)]
  0x207c4000 JavaThread "Thread-3" daemon [_thread_blocked, id=6628, stack(0x21f40000,0x21fc0000)]
  0x206e9000 JavaThread "AWT-EventQueue-0" [_thread_blocked, id=4396, stack(0x21ec0000,0x21f40000)]
  0x206fb000 JavaThread "AWT-Shutdown" [_thread_blocked, id=7284, stack(0x21620000,0x216a0000)]
  0x20525800 JavaThread "FelixPackageAdmin" daemon [_thread_blocked, id=4552, stack(0x21e40000,0x21ec0000)]
  0x20504400 JavaThread "FelixStartLevel" daemon [_thread_blocked, id=3248, stack(0x21dc0000,0x21e40000)]
  0x1e3b8400 JavaThread "FelixDispatchQueue" daemon [_thread_blocked, id=5448, stack(0x21d40000,0x21dc0000)]
  0x1eadf000 JavaThread "com.google.common.base.internal.Finalizer" daemon [_thread_blocked, id=5692, stack(0x21570000,0x215f0000)]
  0x1ea78800 JavaThread "AWT-Windows" daemon [_thread_in_native, id=5568, stack(0x21470000,0x214f0000)]
  0x1ea84000 JavaThread "Java2D Disposer" daemon [_thread_blocked, id=4840, stack(0x21370000,0x213f0000)]
  0x1e7a2c00 JavaThread "Timer-0" [_thread_blocked, id=7108, stack(0x0fe30000,0x0feb0000)]
  0x1e4c2800 JavaThread "EventMgr Dispatcher" daemon [_thread_in_native, id=4340, stack(0x1fae0000,0x202e0000)]
  0x1e311000 JavaThread "Service Thread" daemon [_thread_blocked, id=7332, stack(0x0fc60000,0x0fce0000)]
  0x1e30c800 JavaThread "C1 CompilerThread0" daemon [_thread_blocked, id=7048, stack(0x1eae0000,0x1f2e0000)]
  0x1e308c00 JavaThread "Attach Listener" daemon [_thread_blocked, id=6368, stack(0x0fbe0000,0x0fc60000)]
  0x0c551000 JavaThread "Finalizer" daemon [_thread_blocked, id=7392, stack(0x0fb60000,0x0fbe0000)]
  0x0c54c400 JavaThread "Reference Handler" daemon [_thread_blocked, id=6976, stack(0x0fae0000,0x0fb60000)]
  0x0c2dac00 JavaThread "main" [_thread_in_native, id=7456, stack(0x00430000,0x00c30000)]

Other Threads:
  0x0c549400 VMThread [stack: 0x0f2e0000,0x0fae0000] [id=5360]
  0x1e32c400 WatcherThread [stack: 0x1f2e0000,0x1fae0000] [id=6404]

VM state:not at safepoint (normal execution)

VM Mutex/Monitor currently owned by a thread: None

Heap
 def new generation   total 29504K, used 26365K [0x102e0000, 0x122e0000, 0x122e0000)
  eden space 26240K,  98% used [0x102e0000, 0x11c19970, 0x11c80000)
  from space 3264K,  16% used [0x11c80000, 0x11d05b40, 0x11fb0000)
  to   space 3264K,   0% used [0x11fb0000, 0x11fb0000, 0x122e0000)
 tenured generation   total 98304K, used 70234K [0x122e0000, 0x182e0000, 0x182e0000)
   the space 98304K,  71% used [0x122e0000, 0x16776b00, 0x16776c00, 0x182e0000)
 compacting perm gen  total 37888K, used 37752K [0x182e0000, 0x1a7e0000, 0x1e2e0000)
   the space 37888K,  99% used [0x182e0000, 0x1a7be260, 0x1a7be400, 0x1a7e0000)
No shared spaces configured.

Card table byte_map: [0x0f1e0000,0x0f260000] byte_map_base: 0x0f15e900

Polling page: 0x066e0000

Code Cache  [0x0d1e0000, 0x0dca8000, 0x0f1e0000)
 total_blobs=6834 nmethods=6526 adapters=237 free_code_cache=21749Kb largest_free_block=22265024

Compilation events (10 events):
Event: 3674.264 Thread 0x1e30c800 6596             java.util.concurrent.ConcurrentHashMap::segmentForHash (36 bytes)
Event: 3674.264 Thread 0x1e30c800 nmethod 6596 0x0dca30c8 code [0x0dca31c0, 0x0dca3280]
Event: 3674.264 Thread 0x1e30c800 6597             java.util.concurrent.ConcurrentHashMap::entryAt (29 bytes)
Event: 3674.264 Thread 0x1e30c800 nmethod 6597 0x0dca3308 code [0x0dca3400, 0x0dca34d0]
Event: 3674.264 Thread 0x1e30c800 6598             java.util.concurrent.ConcurrentHashMap::setEntryAt (19 bytes)
Event: 3674.264 Thread 0x1e30c800 nmethod 6598 0x0dca3548 code [0x0dca3640, 0x0dca36f0]
Event: 3674.264 Thread 0x1e30c800 6600             java.util.concurrent.locks.ReentrantLock::tryLock (9 bytes)
Event: 3674.264 Thread 0x1e30c800 nmethod 6600 0x0dca3748 code [0x0dca3850, 0x0dca38ec]
Event: 3683.867 Thread 0x1e30c800 6601             javax.swing.text.GapContent::removeUnusedMarks (65 bytes)
Event: 3683.868 Thread 0x1e30c800 nmethod 6601 0x0dca3988 code [0x0dca3ac0, 0x0dca3e78]

GC Heap History (10 events):
Event: 3640.020 GC heap before
{Heap before GC invocations=688 (full 8):
 def new generation   total 29504K, used 28550K [0x102e0000, 0x122e0000, 0x122e0000)
  eden space 26240K, 100% used [0x102e0000, 0x11c80000, 0x11c80000)
  from space 3264K,  70% used [0x11c80000, 0x11ec1958, 0x11fb0000)
  to   space 3264K,   0% used [0x11fb0000, 0x11fb0000, 0x122e0000)
 tenured generation   total 98304K, used 91510K [0x122e0000, 0x182e0000, 0x182e0000)
   the space 98304K,  93% used [0x122e0000, 0x17c3daf0, 0x17c3dc00, 0x182e0000)
 compacting perm gen  total 37888K, used 37752K [0x182e0000, 0x1a7e0000, 0x1e2e0000)
   the space 37888K,  99% used [0x182e0000, 0x1a7be210, 0x1a7be400, 0x1a7e0000)
No shared spaces configured.
Event: 3640.028 GC heap after
Heap after GC invocations=689 (full 8):
 def new generation   total 29504K, used 2939K [0x102e0000, 0x122e0000, 0x122e0000)
  eden space 26240K,   0% used [0x102e0000, 0x102e0000, 0x11c80000)
  from space 3264K,  90% used [0x11fb0000, 0x1228ed08, 0x122e0000)
  to   space 3264K,   0% used [0x11c80000, 0x11c80000, 0x11fb0000)
 tenured generation   total 98304K, used 93413K [0x122e0000, 0x182e0000, 0x182e0000)
   the space 98304K,  95% used [0x122e0000, 0x17e19788, 0x17e19800, 0x182e0000)
 compacting perm gen  total 37888K, used 37752K [0x182e0000, 0x1a7e0000, 0x1e2e0000)
   the space 37888K,  99% used [0x182e0000, 0x1a7be210, 0x1a7be400, 0x1a7e0000)
No shared spaces configured.
}
Event: 3669.317 GC heap before
{Heap before GC invocations=689 (full 8):
 def new generation   total 29504K, used 29179K [0x102e0000, 0x122e0000, 0x122e0000)
  eden space 26240K, 100% used [0x102e0000, 0x11c80000, 0x11c80000)
  from space 3264K,  90% used [0x11fb0000, 0x1228ed08, 0x122e0000)
  to   space 3264K,   0% used [0x11c80000, 0x11c80000, 0x11fb0000)
 tenured generation   total 98304K, used 93413K [0x122e0000, 0x182e0000, 0x182e0000)
   the space 98304K,  95% used [0x122e0000, 0x17e19788, 0x17e19800, 0x182e0000)
 compacting perm gen  total 37888K, used 37752K [0x182e0000, 0x1a7e0000, 0x1e2e0000)
   the space 37888K,  99% used [0x182e0000, 0x1a7be220, 0x1a7be400, 0x1a7e0000)
No shared spaces configured.
Event: 3669.322 GC heap after
Heap after GC invocations=690 (full 8):
 def new generation   total 29504K, used 277K [0x102e0000, 0x122e0000, 0x122e0000)
  eden space 26240K,   0% used [0x102e0000, 0x102e0000, 0x11c80000)
  from space 3264K,   8% used [0x11c80000, 0x11cc55b0, 0x11fb0000)
  to   space 3264K,   0% used [0x11fb0000, 0x11fb0000, 0x122e0000)
 tenured generation   total 98304K, used 96289K [0x122e0000, 0x182e0000, 0x182e0000)
   the space 98304K,  97% used [0x122e0000, 0x180e85c0, 0x180e8600, 0x182e0000)
 compacting perm gen  total 37888K, used 37752K [0x182e0000, 0x1a7e0000, 0x1e2e0000)
   the space 37888K,  99% used [0x182e0000, 0x1a7be220, 0x1a7be400, 0x1a7e0000)
No shared spaces configured.
}
Event: 3674.071 GC heap before
{Heap before GC invocations=690 (full 8):
 def new generation   total 29504K, used 26517K [0x102e0000, 0x122e0000, 0x122e0000)
  eden space 26240K, 100% used [0x102e0000, 0x11c80000, 0x11c80000)
  from space 3264K,   8% used [0x11c80000, 0x11cc55b0, 0x11fb0000)
  to   space 3264K,   0% used [0x11fb0000, 0x11fb0000, 0x122e0000)
 tenured generation   total 98304K, used 96289K [0x122e0000, 0x182e0000, 0x182e0000)
   the space 98304K,  97% used [0x122e0000, 0x180e85c0, 0x180e8600, 0x182e0000)
 compacting perm gen  total 37888K, used 37752K [0x182e0000, 0x1a7e0000, 0x1e2e0000)
   the space 37888K,  99% used [0x182e0000, 0x1a7be230, 0x1a7be400, 0x1a7e0000)
No shared spaces configured.
Event: 3674.256 GC heap after
Heap after GC invocations=691 (full 9):
 def new generation   total 29504K, used 0K [0x102e0000, 0x122e0000, 0x122e0000)
  eden space 26240K,   0% used [0x102e0000, 0x102e0000, 0x11c80000)
  from space 3264K,   0% used [0x11c80000, 0x11c80000, 0x11fb0000)
  to   space 3264K,   0% used [0x11fb0000, 0x11fb0000, 0x122e0000)
 tenured generation   total 98304K, used 70234K [0x122e0000, 0x182e0000, 0x182e0000)
   the space 98304K,  71% used [0x122e0000, 0x16776b00, 0x16776c00, 0x182e0000)
 compacting perm gen  total 37888K, used 37752K [0x182e0000, 0x1a7e0000, 0x1e2e0000)
   the space 37888K,  99% used [0x182e0000, 0x1a7be230, 0x1a7be400, 0x1a7e0000)
No shared spaces configured.
}
Event: 3681.498 GC heap before
{Heap before GC invocations=691 (full 9):
 def new generation   total 29504K, used 26240K [0x102e0000, 0x122e0000, 0x122e0000)
  eden space 26240K, 100% used [0x102e0000, 0x11c80000, 0x11c80000)
  from space 3264K,   0% used [0x11c80000, 0x11c80000, 0x11fb0000)
  to   space 3264K,   0% used [0x11fb0000, 0x11fb0000, 0x122e0000)
 tenured generation   total 98304K, used 70234K [0x122e0000, 0x182e0000, 0x182e0000)
   the space 98304K,  71% used [0x122e0000, 0x16776b00, 0x16776c00, 0x182e0000)
 compacting perm gen  total 37888K, used 37752K [0x182e0000, 0x1a7e0000, 0x1e2e0000)
   the space 37888K,  99% used [0x182e0000, 0x1a7be240, 0x1a7be400, 0x1a7e0000)
No shared spaces configured.
Event: 3681.502 GC heap after
Heap after GC invocations=692 (full 9):
 def new generation   total 29504K, used 133K [0x102e0000, 0x122e0000, 0x122e0000)
  eden space 26240K,   0% used [0x102e0000, 0x102e0000, 0x11c80000)
  from space 3264K,   4% used [0x11fb0000, 0x11fd14f8, 0x122e0000)
  to   space 3264K,   0% used [0x11c80000, 0x11c80000, 0x11fb0000)
 tenured generation   total 98304K, used 70234K [0x122e0000, 0x182e0000, 0x182e0000)
   the space 98304K,  71% used [0x122e0000, 0x16776b00, 0x16776c00, 0x182e0000)
 compacting perm gen  total 37888K, used 37752K [0x182e0000, 0x1a7e0000, 0x1e2e0000)
   the space 37888K,  99% used [0x182e0000, 0x1a7be240, 0x1a7be400, 0x1a7e0000)
No shared spaces configured.
}
Event: 3687.135 GC heap before
{Heap before GC invocations=692 (full 9):
 def new generation   total 29504K, used 26373K [0x102e0000, 0x122e0000, 0x122e0000)
  eden space 26240K, 100% used [0x102e0000, 0x11c80000, 0x11c80000)
  from space 3264K,   4% used [0x11fb0000, 0x11fd14f8, 0x122e0000)
  to   space 3264K,   0% used [0x11c80000, 0x11c80000, 0x11fb0000)
 tenured generation   total 98304K, used 70234K [0x122e0000, 0x182e0000, 0x182e0000)
   the space 98304K,  71% used [0x122e0000, 0x16776b00, 0x16776c00, 0x182e0000)
 compacting perm gen  total 37888K, used 37752K [0x182e0000, 0x1a7e0000, 0x1e2e0000)
   the space 37888K,  99% used [0x182e0000, 0x1a7be240, 0x1a7be400, 0x1a7e0000)
No shared spaces configured.
Event: 3687.139 GC heap after
Heap after GC invocations=693 (full 9):
 def new generation   total 29504K, used 534K [0x102e0000, 0x122e0000, 0x122e0000)
  eden space 26240K,   0% used [0x102e0000, 0x102e0000, 0x11c80000)
  from space 3264K,  16% used [0x11c80000, 0x11d05b40, 0x11fb0000)
  to   space 3264K,   0% used [0x11fb0000, 0x11fb0000, 0x122e0000)
 tenured generation   total 98304K, used 70234K [0x122e0000, 0x182e0000, 0x182e0000)
   the space 98304K,  71% used [0x122e0000, 0x16776b00, 0x16776c00, 0x182e0000)
 compacting perm gen  total 37888K, used 37752K [0x182e0000, 0x1a7e0000, 0x1e2e0000)
   the space 37888K,  99% used [0x182e0000, 0x1a7be240, 0x1a7be400, 0x1a7e0000)
No shared spaces configured.
}

Deoptimization events (0 events):
No events

Internal exceptions (10 events):
Event: 3703.544 Thread 0x206e9000 Threw 0x10fdfba8 at C:\jdk7u1_32P\jdk7u11\hotspot\src\share\vm\runtime\sharedRuntime.cpp:613
Event: 3703.544 Thread 0x206e9000 NullPointerException at vtable entry 0x0d2849c4
Event: 3703.544 Thread 0x206e9000 Threw 0x10fe0208 at C:\jdk7u1_32P\jdk7u11\hotspot\src\share\vm\runtime\sharedRuntime.cpp:613
Event: 3703.544 Thread 0x206e9000 NullPointerException at vtable entry 0x0d2849c4
Event: 3703.544 Thread 0x206e9000 Threw 0x10fe0ff0 at C:\jdk7u1_32P\jdk7u11\hotspot\src\share\vm\runtime\sharedRuntime.cpp:613
Event: 3703.544 Thread 0x206e9000 NullPointerException at vtable entry 0x0d2849c4
Event: 3703.544 Thread 0x206e9000 Threw 0x10fe17f0 at C:\jdk7u1_32P\jdk7u11\hotspot\src\share\vm\runtime\sharedRuntime.cpp:613
Event: 3703.544 Thread 0x206e9000 NullPointerException at vtable entry 0x0d2849c4
Event: 3703.544 Thread 0x206e9000 Threw 0x10fe1fb0 at C:\jdk7u1_32P\jdk7u11\hotspot\src\share\vm\runtime\sharedRuntime.cpp:613
Event: 3713.256 Thread 0x207cb800 Threw 0x11b46e40 at C:\jdk7u1_32P\jdk7u11\hotspot\src\share\vm\prims\jni.cpp:1597

Events (10 events):
Event: 3687.141 Executing VM operation: RevokeBias done
Event: 3687.141 Thread 0x27775800 Thread exited: 0x27775800
Event: 3712.019 Thread 0x27775800 Thread added: 0x27775800
Event: 3712.020 Executing VM operation: RevokeBias
Event: 3712.021 Executing VM operation: RevokeBias done
Event: 3712.021 Thread 0x27775800 Thread exited: 0x27775800
Event: 3712.024 Thread 0x27775800 Thread added: 0x27775800
Event: 3712.129 Executing VM operation: RevokeBias
Event: 3712.129 Executing VM operation: RevokeBias done
Event: 3712.129 Thread 0x27775800 Thread exited: 0x27775800


Dynamic libraries:
0x00400000 - 0x00426000 	C:\Program Files\MATLAB\R2013b\bin\win32\MATLAB.exe
0x77780000 - 0x778c2000 	C:\Windows\SYSTEM32\ntdll.dll
0x76310000 - 0x763e5000 	C:\Windows\system32\kernel32.dll
0x759e0000 - 0x75a2b000 	C:\Windows\system32\KERNELBASE.dll
0x75640000 - 0x756b1000 	C:\Windows\System32\SYSFER.DLL
0x10000000 - 0x102db000 	C:\Program Files\MATLAB\R2013b\bin\win32\libmwservices.dll
0x7dec0000 - 0x7df65000 	C:\Program Files\MATLAB\R2013b\bin\win32\libmwi18n.dll
0x7deb0000 - 0x7debb000 	C:\Program Files\MATLAB\R2013b\bin\win32\libmwresource_core.dll
0x000e0000 - 0x00149000 	C:\Program Files\MATLAB\R2013b\bin\win32\MSVCP100.dll
0x00150000 - 0x0020f000 	C:\Program Files\MATLAB\R2013b\bin\win32\MSVCR100.dll
0x00210000 - 0x0021c000 	C:\Program Files\MATLAB\R2013b\bin\win32\boost_date_time-vc100-mt-1_49.dll
0x00340000 - 0x00365000 	C:\Program Files\MATLAB\R2013b\bin\win32\boost_filesystem-vc100-mt-1_49.dll
0x00220000 - 0x00227000 	C:\Program Files\MATLAB\R2013b\bin\win32\boost_system-vc100-mt-1_49.dll
0x765b0000 - 0x76651000 	C:\Windows\system32\ADVAPI32.dll
0x764a0000 - 0x7654c000 	C:\Windows\system32\msvcrt.dll
0x75b40000 - 0x75b59000 	C:\Windows\SYSTEM32\sechost.dll
0x76260000 - 0x76302000 	C:\Windows\system32\RPCRT4.dll
0x00370000 - 0x00391000 	C:\Program Files\MATLAB\R2013b\bin\win32\LIBEXPAT.dll
0x7dce0000 - 0x7de29000 	C:\Program Files\MATLAB\R2013b\bin\win32\icuin49.dll
0x7dbd0000 - 0x7dcd7000 	C:\Program Files\MATLAB\R2013b\bin\win32\icuuc49.dll
0x00c40000 - 0x01d62000 	C:\Program Files\MATLAB\R2013b\bin\win32\icudt49.dll
0x7dbc0000 - 0x7dbcd000 	C:\Program Files\MATLAB\R2013b\bin\win32\icuio49.dll
0x01d70000 - 0x01e05000 	C:\Program Files\MATLAB\R2013b\bin\win32\libut.dll
0x7da60000 - 0x7dbb7000 	C:\Program Files\MATLAB\R2013b\bin\win32\libmwfl.dll
0x01e10000 - 0x02155000 	C:\Program Files\MATLAB\R2013b\bin\win32\libmwMATLAB_res.dll
0x02160000 - 0x02214000 	C:\Program Files\MATLAB\R2013b\bin\win32\boost_regex-vc100-mt-1_49.dll
0x76190000 - 0x76259000 	C:\Windows\system32\USER32.dll
0x76450000 - 0x7649e000 	C:\Windows\system32\GDI32.dll
0x779b0000 - 0x779ba000 	C:\Windows\system32\LPK.dll
0x77910000 - 0x779ad000 	C:\Windows\system32\USP10.dll
0x003d0000 - 0x003de000 	C:\Program Files\MATLAB\R2013b\bin\win32\boost_signals-vc100-mt-1_49.dll
0x003e0000 - 0x003ee000 	C:\Program Files\MATLAB\R2013b\bin\win32\boost_thread-vc100-mt-1_49.dll
0x02220000 - 0x02294000 	C:\Program Files\MATLAB\R2013b\bin\win32\boost_log-vc100-mt-1_49.dll
0x778e0000 - 0x778e5000 	C:\Windows\system32\PSAPI.DLL
0x75f20000 - 0x75f55000 	C:\Windows\system32\WS2_32.dll
0x778d0000 - 0x778d6000 	C:\Windows\system32\NSI.dll
0x022a0000 - 0x022c8000 	C:\Program Files\MATLAB\R2013b\bin\win32\tbb.dll
0x75ef0000 - 0x75f1b000 	C:\Windows\system32\imagehlp.dll
0x74a00000 - 0x74a25000 	C:\Windows\system32\POWRPROF.dll
0x75ff0000 - 0x7618d000 	C:\Windows\system32\SETUPAPI.dll
0x75780000 - 0x757a7000 	C:\Windows\system32\CFGMGR32.dll
0x75f60000 - 0x75fef000 	C:\Windows\system32\OLEAUT32.dll
0x77620000 - 0x7777d000 	C:\Windows\system32\ole32.dll
0x75750000 - 0x75762000 	C:\Windows\system32\DEVOBJ.dll
0x7d250000 - 0x7d317000 	C:\Program Files\MATLAB\R2013b\bin\win32\libmx.dll
0x022d0000 - 0x022e8000 	C:\Program Files\MATLAB\R2013b\bin\win32\tbbmalloc.dll
0x022f0000 - 0x02304000 	C:\Program Files\MATLAB\R2013b\bin\win32\zlib1.dll
0x7d1f0000 - 0x7d22e000 	C:\Program Files\MATLAB\R2013b\bin\win32\libmwregexp.dll
0x7d1b0000 - 0x7d1e8000 	C:\Program Files\MATLAB\R2013b\bin\win32\mpath.dll
0x02310000 - 0x0285e000 	C:\Program Files\MATLAB\R2013b\bin\win32\mlutil.dll
0x7cc50000 - 0x7ccb2000 	C:\Program Files\MATLAB\R2013b\bin\win32\xmlcore.dll
0x02860000 - 0x02a20000 	C:\Program Files\MATLAB\R2013b\bin\win32\xerces-c_2_7.dll
0x7ca70000 - 0x7ca91000 	C:\Program Files\MATLAB\R2013b\bin\win32\libmwMATLAB_settings_res.dll
0x02a20000 - 0x02a2d000 	C:\Program Files\MATLAB\R2013b\bin\win32\boost_iostreams-vc100-mt-1_49.dll
0x02a30000 - 0x02a6e000 	C:\Program Files\MATLAB\R2013b\bin\win32\boost_serialization-vc100-mt-1_49.dll
0x766b0000 - 0x772fc000 	C:\Windows\system32\SHELL32.dll
0x76550000 - 0x765a7000 	C:\Windows\system32\SHLWAPI.dll
0x7ca10000 - 0x7ca15000 	C:\Program Files\MATLAB\R2013b\bin\win32\libmwnativedisplay.dll
0x02a70000 - 0x02aad000 	C:\Program Files\MATLAB\R2013b\bin\win32\opccore.dll
0x02ab0000 - 0x02b5e000 	C:\Program Files\MATLAB\R2013b\bin\win32\opcmodel.dll
0x02b60000 - 0x02b83000 	C:\Program Files\MATLAB\R2013b\bin\win32\opczippackage.dll
0x02b90000 - 0x02b9d000 	C:\Program Files\MATLAB\R2013b\bin\win32\libminizip.dll
0x02ba0000 - 0x02bf1000 	C:\Program Files\MATLAB\R2013b\bin\win32\opcmwservices.dll
0x02c00000 - 0x02c84000 	C:\Windows\WinSxS\x86_microsoft.windows.common-controls_6595b64144ccf1df_5.82.7601.18837_none_ec86b8d6858ec0bc\COMCTL32.dll
0x77510000 - 0x7758b000 	C:\Windows\system32\COMDLG32.dll
0x74d90000 - 0x74da1000 	C:\Windows\system32\NETAPI32.dll
0x74d80000 - 0x74d89000 	C:\Windows\system32\netutils.dll
0x754a0000 - 0x754b9000 	C:\Windows\system32\srvcli.dll
0x74d70000 - 0x74d7f000 	C:\Windows\system32\wkscli.dll
0x7c980000 - 0x7ca0a000 	C:\Program Files\MATLAB\R2013b\bin\win32\mcr.dll
0x02c90000 - 0x03028000 	C:\Program Files\MATLAB\R2013b\bin\win32\iqm.dll
0x03030000 - 0x030bd000 	C:\Program Files\MATLAB\R2013b\bin\win32\m_dispatcher.dll
0x030c0000 - 0x03606000 	C:\Program Files\MATLAB\R2013b\bin\win32\m_interpreter.dll
0x7bef0000 - 0x7bf0c000 	C:\Program Files\MATLAB\R2013b\bin\win32\libmex.dll
0x7be90000 - 0x7bef0000 	C:\Program Files\MATLAB\R2013b\bin\win32\profiler.dll
0x7bc20000 - 0x7bd6e000 	C:\Program Files\MATLAB\R2013b\bin\win32\libmwmathutil.dll
0x03610000 - 0x03631000 	C:\Program Files\MATLAB\R2013b\bin\win32\libmwmathrng.dll
0x7bbf0000 - 0x7bbfe000 	C:\Program Files\MATLAB\R2013b\bin\win32\libmwmfl_rng.dll
0x03640000 - 0x0370f000 	C:\Program Files\MATLAB\R2013b\bin\win32\libmwmathcore.dll
0x7baf0000 - 0x7bb38000 	C:\Program Files\MATLAB\R2013b\bin\win32\libmwspmatrix.dll
0x03710000 - 0x038c8000 	C:\Program Files\MATLAB\R2013b\bin\win32\mcos.dll
0x7b8b0000 - 0x7b8fa000 	C:\Program Files\MATLAB\R2013b\bin\win32\libmwcholmod.dll
0x7b8a0000 - 0x7b8a9000 	C:\Program Files\MATLAB\R2013b\bin\win32\libmwamd.dll
0x7b890000 - 0x7b899000 	C:\Program Files\MATLAB\R2013b\bin\win32\libmwcolamd.dll
0x7b880000 - 0x7b88b000 	C:\Program Files\MATLAB\R2013b\bin\win32\libmwblas.dll
0x7b860000 - 0x7b871000 	C:\Program Files\MATLAB\R2013b\bin\win32\libmwbinder.dll
0x7b850000 - 0x7b859000 	C:\Program Files\MATLAB\R2013b\bin\win32\libmwompwrapper.dll
0x7b810000 - 0x7b844000 	C:\Program Files\MATLAB\R2013b\bin\win32\libmwlapack.dll
0x7b7f0000 - 0x7b807000 	C:\Program Files\MATLAB\R2013b\bin\win32\m_pcodeio.dll
0x7b7a0000 - 0x7b7e9000 	C:\Program Files\MATLAB\R2013b\bin\win32\m_ir.dll
0x038d0000 - 0x03e6c000 	C:\Program Files\MATLAB\R2013b\bin\win32\m_parser.dll
0x7b1f0000 - 0x7b201000 	C:\Program Files\MATLAB\R2013b\bin\win32\ir_xfmr.dll
0x7b1e0000 - 0x7b1ee000 	C:\Program Files\MATLAB\R2013b\bin\win32\mtok.dll
0x7b1b0000 - 0x7b1d1000 	C:\Program Files\MATLAB\R2013b\bin\win32\m_pcodegen.dll
0x7b180000 - 0x7b1a7000 	C:\Program Files\MATLAB\R2013b\bin\win32\libmwbridge.dll
0x7b0e0000 - 0x7b171000 	C:\Program Files\MATLAB\R2013b\bin\win32\udd.dll
0x7afc0000 - 0x7b0da000 	C:\Program Files\MATLAB\R2013b\bin\win32\libmwgui.dll
0x7afa0000 - 0x7afc0000 	C:\Program Files\MATLAB\R2013b\bin\win32\graphics_util.dll
0x03e70000 - 0x03f22000 	C:\Program Files\MATLAB\R2013b\bin\win32\libtex_base.dll
0x7a790000 - 0x7aef3000 	C:\Program Files\MATLAB\R2013b\bin\win32\hg.dll
0x7a740000 - 0x7a789000 	C:\Program Files\MATLAB\R2013b\bin\win32\libmat.dll
0x03f30000 - 0x04119000 	C:\Program Files\MATLAB\R2013b\bin\win32\hdf5dll.dll
0x7a4a0000 - 0x7a547000 	C:\Program Files\MATLAB\R2013b\bin\win32\jmi.dll
0x7a490000 - 0x7a49c000 	C:\Program Files\MATLAB\R2013b\bin\win32\nativejava_services.dll
0x7a450000 - 0x7a484000 	C:\Program Files\MATLAB\R2013b\bin\win32\libmwhardcopy.dll
0x7a400000 - 0x7a448000 	C:\Program Files\MATLAB\R2013b\bin\win32\libuij.dll
0x7a220000 - 0x7a3c4000 	C:\Program Files\MATLAB\R2013b\bin\win32\hgdatatypes.dll
0x04130000 - 0x0420d000 	C:\Program Files\MATLAB\R2013b\bin\win32\hgutils.dll
0x7a0d0000 - 0x7a159000 	C:\Program Files\MATLAB\R2013b\bin\win32\udd_mi.dll
0x7a0a0000 - 0x7a0cd000 	C:\Program Files\MATLAB\R2013b\bin\win32\libmwgbtutils.dll
0x7a090000 - 0x7a0a0000 	C:\Program Files\MATLAB\R2013b\bin\win32\libmwgbt.dll
0x04210000 - 0x044b7000 	C:\Program Files\MATLAB\R2013b\bin\win32\uiw.dll
0x79dd0000 - 0x79dd8000 	C:\Program Files\MATLAB\R2013b\bin\win32\uinone.dll
0x044c0000 - 0x044e3000 	C:\Program Files\MATLAB\R2013b\bin\win32\libmwnativedialogs.dll
0x79da0000 - 0x79da9000 	C:\Program Files\MATLAB\R2013b\bin\win32\libmwplatform_res.dll
0x71850000 - 0x71862000 	C:\Windows\system32\MPR.dll
0x04500000 - 0x04938000 	C:\Program Files\MATLAB\R2013b\bin\win32\mfc100.dll
0x04940000 - 0x04945000 	C:\Windows\system32\MSIMG32.dll
0x70b60000 - 0x70bb1000 	C:\Windows\system32\WINSPOOL.DRV
0x79d80000 - 0x79d96000 	C:\Program Files\MATLAB\R2013b\bin\win32\mwoles05.DLL
0x79d20000 - 0x79d73000 	C:\Program Files\MATLAB\R2013b\bin\win32\comcli.dll
0x04950000 - 0x04976000 	C:\Program Files\MATLAB\R2013b\bin\win32\ATL100.DLL
0x79d10000 - 0x79d1a000 	C:\Program Files\MATLAB\R2013b\bin\win32\mlautoregister.dll
0x04980000 - 0x04ad5000 	C:\Program Files\MATLAB\R2013b\bin\win32\mvm.dll
0x778f0000 - 0x7790f000 	C:\Windows\system32\IMM32.DLL
0x75a60000 - 0x75b2c000 	C:\Windows\system32\MSCTF.dll
0x74130000 - 0x74170000 	C:\Windows\system32\UxTheme.dll
0x73e40000 - 0x73e53000 	C:\Windows\system32\dwmapi.dll

VM Arguments:
jvm_args: -Xss512k -XX:PermSize=32m -Xms64m -XX:NewRatio=3 -XX:MaxPermSize=96m -Xmx128m -XX:MaxDirectMemorySize=1200000000 -Dsun.java2d.noddraw=true -Dsun.awt.nopixfmt=true -Xshare:off -Xrs -XX:-UseSplitVerifier -Djava.library.path=C:\Program Files\MATLAB\R2013b\bin\win32;C:\Program Files\MATLAB\R2013b\sys\jxbrowser\win32\lib vfprintf abort -Duser.language=en -Duser.country=US 
java_command: <unknown>
Launcher Type: generic

Environment Variables:
PATH=C:\Program Files\NVIDIA Corporation\PhysX\Common;C:\Program Files\Tecplot\Tec360 2012R1\Bin;C:\Windows\system32;C:\Windows;C:\Windows\System32\Wbem;C:\Windows\System32\WindowsPowerShell\v1.0\;c:\Program Files\ATI Technologies\ATI.ACE\Core-Static;C:\Program Files\NTRU Cryptosystems\NTRU TCG Software Stack\bin\;C:\Program Files\Wave Systems Corp\Gemalto\Access Client\v5\;C:\Program Files\Common Files\Roxio Shared\DLLShared\;C:\Program Files\Common Files\Roxio Shared\10.0\DLLShared\;C:\Program Files\proeWildfire 5.0\bin;C:\Program Files\proeWildfire 5.0\mech\bin;c:\program files\MATLAB\R2013b\runtime\win32;c:\program files\MATLAB\R2013b\bin;c:\program files\MATLAB\R2011b\runtime\win32;c:\program files\MATLAB\R2011b\bin;C:\Program Files\Autodesk\Backburner\;C:\Program Files\Common Files\Autodesk Shared\;C:\Program Files\IVI Foundation\IVI\bin;C:\Program Files\IVI Foundation\VISA\WinNT\Bin\;C:\Program Files\IVI Foundation\VISA\WinNT\Bin;C:\Program Files\MATLAB\MATLAB Component Runtime\v74\runtime\win32;C:\Program Files\MiKTeX 2.9\miktex\bin\;C:\Program Files\Microsoft SQL Server\110\Tools\Binn\;C:\opencv\build\x86\vc12\bin;C:\Users\rschur\Anaconda2;C:\Program Files\Microsoft SQL Server\120\Tools\Binn\;C:\Program Files\Windows Kits\10\Windows Performance Toolkit\;C:\Users\rschur\Anaconda2;C:\Users\rschur\Anaconda2\Scripts;C:\Users\rschur\Anaconda2\Library\bin;C:\Users\Randy Schur\Anaconda;C:\Users\Randy Schur\Anaconda\Scripts
USERNAME=rschur
OS=Windows_NT
PROCESSOR_IDENTIFIER=x86 Family 6 Model 26 Stepping 5, GenuineIntel



---------------  S Y S T E M  ---------------

OS: Windows 7 Build 7601 Service Pack 1

CPU:total 4 (4 cores per cpu, 2 threads per core) family 6 model 26 stepping 5, cmov, cx8, fxsr, mmx, sse, sse2, sse3, ssse3, sse4.1, sse4.2, popcnt, ht, tsc, tscinvbit, tscinv

Memory: 4k page, physical 3667512k(720544k free), swap 7333308k(2921624k free)

vm_info: Java HotSpot(TM) Client VM (23.6-b04) for windows-x86 JRE (1.7.0_11-b21), built on Jan 12 2013 02:19:22 by "java_re" with unknown MS VC++:1600

time: Mon Jul 11 15:48:58 2016
elapsed time: 3713 seconds

