#
# A fatal error has been detected by the Java Runtime Environment:
#
#  EXCEPTION_ACCESS_VIOLATION (0xc0000005) at pc=0x070a793b, pid=6932, tid=1116
#
# JRE version: 7.0_11-b21
# Java VM: Java HotSpot(TM) Client VM (23.6-b04 mixed mode windows-x86 )
# Problematic frame:
# C  0x070a793b  JNI_CreateJavaVM+0xe00b
#
# Failed to write core dump. Minidumps are not enabled by default on client versions of Windows
#
# If you would like to submit a bug report, please visit:
#   http://bugreport.sun.com/bugreport/crash.jsp
#

---------------  T H R E A D  ---------------

Current thread (0x2026e400):  JavaThread "Code Analyzer updating thread" [_thread_in_vm, id=1116, stack(0x279b0000,0x27a30000)]

siginfo: ExceptionCode=0xc0000005, reading address 0x00000000

Registers:
EAX=0x00000000, EBX=0x2026e528, ECX=0x2026e400, EDX=0x0727c4b8
ESP=0x27a2f058, EBP=0x27a2f0a0, ESI=0x2026e400, EDI=0x00000000
EIP=0x070a793b, EFLAGS=0x00010246

Top of Stack: (sp=0x27a2f058)
0x27a2f058:   26193118 2026e528 6fcf301a 06ff3d63
0x27a2f068:   2026e400 998a3ce1 26193118 2026e400
0x27a2f078:   6fcf301a 27a2f06c f1725358 27a2f0fc
0x27a2f088:   0725ce7e b904516d 2026e400 2641820c
0x27a2f098:   0000063d 0727c4b8 27a2f0b8 6fcf10fd
0x27a2f0a8:   2026e528 26193118 00000000 27a2f0cc
0x27a2f0b8:   27a2f948 6fcf304a 2026e528 26193118
0x27a2f0c8:   00000000 00152dc7 27a2f93c 27a2f36c 

Instructions: (pc=0x070a793b)
0x070a791b:   f4 ff 83 c4 08 83 7e 04 00 89 75 f0 c7 45 f4 00
0x070a792b:   00 00 00 74 08 8d 4d f0 e8 48 58 0b 00 8b 7d 10
0x070a793b:   8b 0f c7 45 e0 0c 00 00 00 e8 b7 31 f5 ff 50 8d
0x070a794b:   4d c4 e8 4e 88 08 00 8b 45 14 56 8d 4d c4 51 53 


Register to memory mapping:

EAX=0x00000000 is an unknown value
EBX=0x2026e528 is an unknown value
ECX=0x2026e400 is a thread
EDX=0x0727c4b8 is an unknown value
ESP=0x27a2f058 is pointing into the stack for thread: 0x2026e400
EBP=0x27a2f0a0 is pointing into the stack for thread: 0x2026e400
ESI=0x2026e400 is a thread
EDI=0x00000000 is an unknown value


Stack: [0x279b0000,0x27a30000],  sp=0x27a2f058,  free space=508k
Native frames: (J=compiled Java code, j=interpreted, Vv=VM code, C=native code)
C  0x070a793b  JNI_CreateJavaVM+0xe00b
C  0x6fcf10fd
C  0x6fcf304a  Java_com_mathworks_widgets_text_mcode_MLint_nativeGetMessages+0x6fa
j  com.mathworks.widgets.text.mcode.MLint.nativeGetMessages(Ljava/lang/String;Ljava/lang/String;)Ljava/util/List;+0
j  com.mathworks.widgets.text.mcode.MLint.getMessages(Ljava/lang/String;Ljava/lang/String;Lcom/mathworks/widgets/text/mcode/MLintConfiguration;Z)Ljava/util/List;+67
j  com.mathworks.widgets.text.mcode.analyzer.CodeAnalyzerThread.doMLint()V+95
j  com.mathworks.widgets.text.mcode.analyzer.CodeAnalyzerThread.access$400(Lcom/mathworks/widgets/text/mcode/analyzer/CodeAnalyzerThread;)V+1
j  com.mathworks.widgets.text.mcode.analyzer.CodeAnalyzerThread$MLintRunnable.run()V+14
j  java.lang.Thread.run()V+11
v  ~StubRoutines::call_stub
C  0x0711a3ba  JVM_Clone+0x4982a
C  0x071c97de  JVM_FindSignal+0x602de
C  0x0711a5a3  JVM_Clone+0x49a13
C  0x0711a607  JVM_Clone+0x49a77
C  0x070c315f  jio_fprintf+0x17f
C  0x0713a6b7  JVM_Clone+0x69b27
C  0x0713a820  JVM_Clone+0x69c90
C  0x0716f009  JVM_FindSignal+0x5b09
C  [MSVCR100.dll+0x5c556]
C  [MSVCR100.dll+0x5c600]
C  [kernel32.dll+0x4ef1c]  BaseThreadInitThunk+0x12
C  [ntdll.dll+0x63648]  RtlInitializeExceptionChain+0xef
C  [ntdll.dll+0x6361b]  RtlInitializeExceptionChain+0xc2

Java frames: (J=compiled Java code, j=interpreted, Vv=VM code)
j  com.mathworks.widgets.text.mcode.MLint.nativeGetMessages(Ljava/lang/String;Ljava/lang/String;)Ljava/util/List;+0
j  com.mathworks.widgets.text.mcode.MLint.getMessages(Ljava/lang/String;Ljava/lang/String;Lcom/mathworks/widgets/text/mcode/MLintConfiguration;Z)Ljava/util/List;+67
j  com.mathworks.widgets.text.mcode.analyzer.CodeAnalyzerThread.doMLint()V+95
j  com.mathworks.widgets.text.mcode.analyzer.CodeAnalyzerThread.access$400(Lcom/mathworks/widgets/text/mcode/analyzer/CodeAnalyzerThread;)V+1
j  com.mathworks.widgets.text.mcode.analyzer.CodeAnalyzerThread$MLintRunnable.run()V+14
j  java.lang.Thread.run()V+11
v  ~StubRoutines::call_stub

---------------  P R O C E S S  ---------------

Java Threads: ( => current thread )
  0x26df1800 JavaThread "Command Window doExecuteCommand" [_thread_in_native, id=7208, stack(0x66af0000,0x66b70000)]
  0x2026c400 JavaThread "Code Analyzer updating thread" [_thread_blocked, id=7732, stack(0x276f0000,0x27770000)]
  0x2026f800 JavaThread "Code Analyzer updating thread" [_thread_blocked, id=5360, stack(0x27b30000,0x27bb0000)]
  0x2026f000 JavaThread "Code Analyzer updating thread" [_thread_blocked, id=2128, stack(0x27ab0000,0x27b30000)]
  0x2026ec00 JavaThread "Code Analyzer updating thread" [_thread_blocked, id=6632, stack(0x27a30000,0x27ab0000)]
=>0x2026e400 JavaThread "Code Analyzer updating thread" [_thread_in_vm, id=1116, stack(0x279b0000,0x27a30000)]
  0x2026e000 JavaThread "Code Analyzer updating thread" [_thread_blocked, id=6068, stack(0x27930000,0x279b0000)]
  0x2026d800 JavaThread "Active Reference Queue Daemon" daemon [_thread_blocked, id=5792, stack(0x278b0000,0x27930000)]
  0x2026d400 JavaThread "Timer-1" daemon [_thread_blocked, id=2220, stack(0x27830000,0x278b0000)]
  0x2026cc00 JavaThread "ClipboardMonitor Timer" daemon [_thread_blocked, id=3876, stack(0x27770000,0x277f0000)]
  0x2026c000 JavaThread "Explorer NavigationContext request queue" daemon [_thread_blocked, id=6416, stack(0x27670000,0x276f0000)]
  0x2026ac00 JavaThread "AddressBar directory emptiness poller" daemon [_thread_blocked, id=5584, stack(0x22e30000,0x22eb0000)]
  0x2026a800 JavaThread "Explorer Refresh Service 5930189" daemon [_thread_blocked, id=7156, stack(0x22db0000,0x22e30000)]
  0x2026a000 JavaThread "Thread-4" daemon [_thread_blocked, id=6888, stack(0x22940000,0x229c0000)]
  0x20269800 JavaThread "TimerQueue" daemon [_thread_blocked, id=1432, stack(0x226a0000,0x22720000)]
  0x20269400 JavaThread "Thread-3" daemon [_thread_blocked, id=1516, stack(0x21a00000,0x21a80000)]
  0x20268c00 JavaThread "AWT-EventQueue-0" [_thread_blocked, id=2840, stack(0x211f0000,0x21270000)]
  0x20268800 JavaThread "AWT-Shutdown" [_thread_blocked, id=6080, stack(0x20fc0000,0x21040000)]
  0x20268000 JavaThread "FelixPackageAdmin" daemon [_thread_blocked, id=6924, stack(0x21b80000,0x21c00000)]
  0x201cb000 JavaThread "FelixStartLevel" daemon [_thread_blocked, id=4880, stack(0x21b00000,0x21b80000)]
  0x20144000 JavaThread "FelixDispatchQueue" daemon [_thread_blocked, id=448, stack(0x21a80000,0x21b00000)]
  0x1ffb0800 JavaThread "com.google.common.base.internal.Finalizer" daemon [_thread_blocked, id=5452, stack(0x21140000,0x211c0000)]
  0x1ff93000 JavaThread "AWT-Windows" daemon [_thread_blocked, id=8124, stack(0x21040000,0x210c0000)]
  0x1ff92400 JavaThread "Java2D Disposer" daemon [_thread_blocked, id=4040, stack(0x20f40000,0x20fc0000)]
  0x0fda5800 JavaThread "Timer-0" [_thread_blocked, id=5800, stack(0x1fd30000,0x1fdb0000)]
  0x0fd79400 JavaThread "EventMgr Dispatcher" daemon [_thread_in_native, id=6656, stack(0x1f530000,0x1fd30000)]
  0x0f823c00 JavaThread "Service Thread" daemon [_thread_blocked, id=4320, stack(0x1eb60000,0x1ebe0000)]
  0x0f81b800 JavaThread "C1 CompilerThread0" daemon [_thread_blocked, id=6564, stack(0x1e360000,0x1eb60000)]
  0x0f817000 JavaThread "Attach Listener" daemon [_thread_blocked, id=8104, stack(0x1e2e0000,0x1e360000)]
  0x0cfed400 JavaThread "Finalizer" daemon [_thread_blocked, id=7548, stack(0x086f0000,0x08770000)]
  0x0cfe6800 JavaThread "Reference Handler" daemon [_thread_blocked, id=6628, stack(0x08670000,0x086f0000)]
  0x0cc43800 JavaThread "main" [_thread_in_native, id=7448, stack(0x00430000,0x00c30000)]

Other Threads:
  0x0cefd000 VMThread [stack: 0x0eff0000,0x0f7f0000] [id=7380]
  0x0f837000 WatcherThread [stack: 0x1ebe0000,0x1f3e0000] [id=5740]

VM state:synchronizing (normal execution)

VM Mutex/Monitor currently owned by a thread:  ([mutex/lock_event])
[0x0cf08558] Threads_lock - owner thread: 0x0cefd000

Heap
 def new generation   total 24768K, used 4485K [0x102e0000, 0x11dc0000, 0x122e0000)
  eden space 22016K,  19% used [0x102e0000, 0x1071b318, 0x11860000)
  from space 2752K,   5% used [0x11b10000, 0x11b36430, 0x11dc0000)
  to   space 2752K,   0% used [0x11860000, 0x11860000, 0x11b10000)
 tenured generation   total 82424K, used 57305K [0x122e0000, 0x1735e000, 0x182e0000)
   the space 82424K,  69% used [0x122e0000, 0x15ad65e0, 0x15ad6600, 0x1735e000)
 compacting perm gen  total 36608K, used 36513K [0x182e0000, 0x1a6a0000, 0x1e2e0000)
   the space 36608K,  99% used [0x182e0000, 0x1a6887a8, 0x1a688800, 0x1a6a0000)
No shared spaces configured.

Card table byte_map: [0x07cc0000,0x07d40000] byte_map_base: 0x07c3e900

Polling page: 0x06260000

Code Cache  [0x0cff0000, 0x0d8e0000, 0x0eff0000)
 total_blobs=5767 nmethods=5465 adapters=231 free_code_cache=23628Kb largest_free_block=24186944

Compilation events (10 events):
Event: 2864.112 Thread 0x0f81b800 5547             com.mathworks.mlwidgets.explorer.model.realfs.RealFileList::readFilesAndFolders (32 bytes)
Event: 2864.112 Thread 0x0f81b800 nmethod 5547 0x0d8dcd88 code [0x0d8dcea0, 0x0d8dcfe8]
Event: 3035.108 Thread 0x0f81b800 5548             com.mathworks.mlwidgets.explorer.widgets.address.AddressBar$EmptyPoller::access$900 (5 bytes)
Event: 3035.111 Thread 0x0f81b800 nmethod 5548 0x0d8dd0c8 code [0x0d8dd1c0, 0x0d8dd230]
Event: 3307.336 Thread 0x0f81b800 5550             sun.awt.RepaintArea::isEmpty (26 bytes)
Event: 3307.336 Thread 0x0f81b800 nmethod 5550 0x0d8dd548 code [0x0d8dd640, 0x0d8dd720]
Event: 3468.148 Thread 0x0f81b800 5551             com.mathworks.toolstrip.factory.ContextTargetingManager::toolSetsHaveAction (44 bytes)
Event: 3468.148 Thread 0x0f81b800 nmethod 5551 0x0d8dd808 code [0x0d8dd940, 0x0d8dda80]
Event: 3478.693 Thread 0x0f81b800 5552             com.mathworks.mwswing.MKeyEventDispatcher::handleControlKey (208 bytes)
Event: 3478.694 Thread 0x0f81b800 nmethod 5552 0x0d8ddb88 code [0x0d8dddd0, 0x0d8de7b8]

GC Heap History (10 events):
Event: 3154.996 GC heap before
{Heap before GC invocations=219 (full 2):
 def new generation   total 24768K, used 22046K [0x102e0000, 0x11dc0000, 0x122e0000)
  eden space 22016K, 100% used [0x102e0000, 0x11860000, 0x11860000)
  from space 2752K,   1% used [0x11860000, 0x11867960, 0x11b10000)
  to   space 2752K,   0% used [0x11b10000, 0x11b10000, 0x11dc0000)
 tenured generation   total 82424K, used 57305K [0x122e0000, 0x1735e000, 0x182e0000)
   the space 82424K,  69% used [0x122e0000, 0x15ad6588, 0x15ad6600, 0x1735e000)
 compacting perm gen  total 36608K, used 36513K [0x182e0000, 0x1a6a0000, 0x1e2e0000)
   the space 36608K,  99% used [0x182e0000, 0x1a688778, 0x1a688800, 0x1a6a0000)
No shared spaces configured.
Event: 3154.998 GC heap after
Heap after GC invocations=220 (full 2):
 def new generation   total 24768K, used 38K [0x102e0000, 0x11dc0000, 0x122e0000)
  eden space 22016K,   0% used [0x102e0000, 0x102e0000, 0x11860000)
  from space 2752K,   1% used [0x11b10000, 0x11b19888, 0x11dc0000)
  to   space 2752K,   0% used [0x11860000, 0x11860000, 0x11b10000)
 tenured generation   total 82424K, used 57305K [0x122e0000, 0x1735e000, 0x182e0000)
   the space 82424K,  69% used [0x122e0000, 0x15ad6588, 0x15ad6600, 0x1735e000)
 compacting perm gen  total 36608K, used 36513K [0x182e0000, 0x1a6a0000, 0x1e2e0000)
   the space 36608K,  99% used [0x182e0000, 0x1a688778, 0x1a688800, 0x1a6a0000)
No shared spaces configured.
}
Event: 3271.994 GC heap before
{Heap before GC invocations=220 (full 2):
 def new generation   total 24768K, used 22054K [0x102e0000, 0x11dc0000, 0x122e0000)
  eden space 22016K, 100% used [0x102e0000, 0x11860000, 0x11860000)
  from space 2752K,   1% used [0x11b10000, 0x11b19888, 0x11dc0000)
  to   space 2752K,   0% used [0x11860000, 0x11860000, 0x11b10000)
 tenured generation   total 82424K, used 57305K [0x122e0000, 0x1735e000, 0x182e0000)
   the space 82424K,  69% used [0x122e0000, 0x15ad6588, 0x15ad6600, 0x1735e000)
 compacting perm gen  total 36608K, used 36513K [0x182e0000, 0x1a6a0000, 0x1e2e0000)
   the space 36608K,  99% used [0x182e0000, 0x1a688778, 0x1a688800, 0x1a6a0000)
No shared spaces configured.
Event: 3271.996 GC heap after
Heap after GC invocations=221 (full 2):
 def new generation   total 24768K, used 46K [0x102e0000, 0x11dc0000, 0x122e0000)
  eden space 22016K,   0% used [0x102e0000, 0x102e0000, 0x11860000)
  from space 2752K,   1% used [0x11860000, 0x1186b818, 0x11b10000)
  to   space 2752K,   0% used [0x11b10000, 0x11b10000, 0x11dc0000)
 tenured generation   total 82424K, used 57305K [0x122e0000, 0x1735e000, 0x182e0000)
   the space 82424K,  69% used [0x122e0000, 0x15ad6588, 0x15ad6600, 0x1735e000)
 compacting perm gen  total 36608K, used 36513K [0x182e0000, 0x1a6a0000, 0x1e2e0000)
   the space 36608K,  99% used [0x182e0000, 0x1a688778, 0x1a688800, 0x1a6a0000)
No shared spaces configured.
}
Event: 3386.101 GC heap before
{Heap before GC invocations=221 (full 2):
 def new generation   total 24768K, used 22062K [0x102e0000, 0x11dc0000, 0x122e0000)
  eden space 22016K, 100% used [0x102e0000, 0x11860000, 0x11860000)
  from space 2752K,   1% used [0x11860000, 0x1186b818, 0x11b10000)
  to   space 2752K,   0% used [0x11b10000, 0x11b10000, 0x11dc0000)
 tenured generation   total 82424K, used 57305K [0x122e0000, 0x1735e000, 0x182e0000)
   the space 82424K,  69% used [0x122e0000, 0x15ad6588, 0x15ad6600, 0x1735e000)
 compacting perm gen  total 36608K, used 36513K [0x182e0000, 0x1a6a0000, 0x1e2e0000)
   the space 36608K,  99% used [0x182e0000, 0x1a688778, 0x1a688800, 0x1a6a0000)
No shared spaces configured.
Event: 3386.103 GC heap after
Heap after GC invocations=222 (full 2):
 def new generation   total 24768K, used 30K [0x102e0000, 0x11dc0000, 0x122e0000)
  eden space 22016K,   0% used [0x102e0000, 0x102e0000, 0x11860000)
  from space 2752K,   1% used [0x11b10000, 0x11b17960, 0x11dc0000)
  to   space 2752K,   0% used [0x11860000, 0x11860000, 0x11b10000)
 tenured generation   total 82424K, used 57305K [0x122e0000, 0x1735e000, 0x182e0000)
   the space 82424K,  69% used [0x122e0000, 0x15ad6588, 0x15ad6600, 0x1735e000)
 compacting perm gen  total 36608K, used 36513K [0x182e0000, 0x1a6a0000, 0x1e2e0000)
   the space 36608K,  99% used [0x182e0000, 0x1a688778, 0x1a688800, 0x1a6a0000)
No shared spaces configured.
}
Event: 3468.195 GC heap before
{Heap before GC invocations=222 (full 2):
 def new generation   total 24768K, used 22046K [0x102e0000, 0x11dc0000, 0x122e0000)
  eden space 22016K, 100% used [0x102e0000, 0x11860000, 0x11860000)
  from space 2752K,   1% used [0x11b10000, 0x11b17960, 0x11dc0000)
  to   space 2752K,   0% used [0x11860000, 0x11860000, 0x11b10000)
 tenured generation   total 82424K, used 57305K [0x122e0000, 0x1735e000, 0x182e0000)
   the space 82424K,  69% used [0x122e0000, 0x15ad6588, 0x15ad6600, 0x1735e000)
 compacting perm gen  total 36608K, used 36513K [0x182e0000, 0x1a6a0000, 0x1e2e0000)
   the space 36608K,  99% used [0x182e0000, 0x1a688778, 0x1a688800, 0x1a6a0000)
No shared spaces configured.
Event: 3468.198 GC heap after
Heap after GC invocations=223 (full 2):
 def new generation   total 24768K, used 389K [0x102e0000, 0x11dc0000, 0x122e0000)
  eden space 22016K,   0% used [0x102e0000, 0x102e0000, 0x11860000)
  from space 2752K,  14% used [0x11860000, 0x118c17e8, 0x11b10000)
  to   space 2752K,   0% used [0x11b10000, 0x11b10000, 0x11dc0000)
 tenured generation   total 82424K, used 57305K [0x122e0000, 0x1735e000, 0x182e0000)
   the space 82424K,  69% used [0x122e0000, 0x15ad65e0, 0x15ad6600, 0x1735e000)
 compacting perm gen  total 36608K, used 36513K [0x182e0000, 0x1a6a0000, 0x1e2e0000)
   the space 36608K,  99% used [0x182e0000, 0x1a688778, 0x1a688800, 0x1a6a0000)
No shared spaces configured.
}
Event: 3479.097 GC heap before
{Heap before GC invocations=223 (full 2):
 def new generation   total 24768K, used 22405K [0x102e0000, 0x11dc0000, 0x122e0000)
  eden space 22016K, 100% used [0x102e0000, 0x11860000, 0x11860000)
  from space 2752K,  14% used [0x11860000, 0x118c17e8, 0x11b10000)
  to   space 2752K,   0% used [0x11b10000, 0x11b10000, 0x11dc0000)
 tenured generation   total 82424K, used 57305K [0x122e0000, 0x1735e000, 0x182e0000)
   the space 82424K,  69% used [0x122e0000, 0x15ad65e0, 0x15ad6600, 0x1735e000)
 compacting perm gen  total 36608K, used 36513K [0x182e0000, 0x1a6a0000, 0x1e2e0000)
   the space 36608K,  99% used [0x182e0000, 0x1a6887a8, 0x1a688800, 0x1a6a0000)
No shared spaces configured.
Event: 3479.100 GC heap after
Heap after GC invocations=224 (full 2):
 def new generation   total 24768K, used 153K [0x102e0000, 0x11dc0000, 0x122e0000)
  eden space 22016K,   0% used [0x102e0000, 0x102e0000, 0x11860000)
  from space 2752K,   5% used [0x11b10000, 0x11b36430, 0x11dc0000)
  to   space 2752K,   0% used [0x11860000, 0x11860000, 0x11b10000)
 tenured generation   total 82424K, used 57305K [0x122e0000, 0x1735e000, 0x182e0000)
   the space 82424K,  69% used [0x122e0000, 0x15ad65e0, 0x15ad6600, 0x1735e000)
 compacting perm gen  total 36608K, used 36513K [0x182e0000, 0x1a6a0000, 0x1e2e0000)
   the space 36608K,  99% used [0x182e0000, 0x1a6887a8, 0x1a688800, 0x1a6a0000)
No shared spaces configured.
}

Deoptimization events (0 events):
No events

Internal exceptions (10 events):
Event: 3468.663 Thread 0x20268c00 Threw 0x105cec68 at C:\jdk7u1_32P\jdk7u11\hotspot\src\share\vm\runtime\sharedRuntime.cpp:613
Event: 3468.663 Thread 0x20268c00 NullPointerException at vtable entry 0x0d091204
Event: 3468.663 Thread 0x20268c00 Threw 0x105cf2c8 at C:\jdk7u1_32P\jdk7u11\hotspot\src\share\vm\runtime\sharedRuntime.cpp:613
Event: 3468.663 Thread 0x20268c00 NullPointerException at vtable entry 0x0d091204
Event: 3468.663 Thread 0x20268c00 Threw 0x105d00b0 at C:\jdk7u1_32P\jdk7u11\hotspot\src\share\vm\runtime\sharedRuntime.cpp:613
Event: 3468.663 Thread 0x20268c00 NullPointerException at vtable entry 0x0d091204
Event: 3468.663 Thread 0x20268c00 Threw 0x105d08b0 at C:\jdk7u1_32P\jdk7u11\hotspot\src\share\vm\runtime\sharedRuntime.cpp:613
Event: 3468.663 Thread 0x20268c00 NullPointerException at vtable entry 0x0d091204
Event: 3468.663 Thread 0x20268c00 Threw 0x105d1070 at C:\jdk7u1_32P\jdk7u11\hotspot\src\share\vm\runtime\sharedRuntime.cpp:613
Event: 3479.599 Thread 0x2026e400 Threw 0x104b8f18 at C:\jdk7u1_32P\jdk7u11\hotspot\src\share\vm\prims\jni.cpp:1597

Events (10 events):
Event: 3478.991 Thread 0x26df1800 Thread added: 0x26df1800
Event: 3478.992 Executing VM operation: RevokeBias
Event: 3478.992 Executing VM operation: RevokeBias done
Event: 3478.992 Thread 0x26df1800 Thread exited: 0x26df1800
Event: 3478.995 Thread 0x26df1800 Thread added: 0x26df1800
Event: 3479.097 Executing VM operation: GenCollectForAllocation
Event: 3479.100 Executing VM operation: GenCollectForAllocation done
Event: 3479.103 Executing VM operation: RevokeBias
Event: 3479.103 Executing VM operation: RevokeBias done
Event: 3479.103 Thread 0x26df1800 Thread exited: 0x26df1800


Dynamic libraries:
0x00400000 - 0x00426000 	C:\Program Files\MATLAB\R2013b\bin\win32\MATLAB.exe
0x77780000 - 0x778c2000 	C:\Windows\SYSTEM32\ntdll.dll
0x76310000 - 0x763e5000 	C:\Windows\system32\kernel32.dll
0x759e0000 - 0x75a2b000 	C:\Windows\system32\KERNELBASE.dll
0x75640000 - 0x756b1000 	C:\Windows\System32\SYSFER.DLL
0x10000000 - 0x102db000 	C:\Program Files\MATLAB\R2013b\bin\win32\libmwservices.dll
0x7dec0000 - 0x7df65000 	C:\Program Files\MATLAB\R2013b\bin\win32\libmwi18n.dll
0x7deb0000 - 0x7debb000 	C:\Program Files\MATLAB\R2013b\bin\win32\libmwresource_core.dll
0x000e0000 - 0x00149000 	C:\Program Files\MATLAB\R2013b\bin\win32\MSVCP100.dll
0x00150000 - 0x0020f000 	C:\Program Files\MATLAB\R2013b\bin\win32\MSVCR100.dll
0x72dd0000 - 0x72ddc000 	C:\Program Files\MATLAB\R2013b\bin\win32\boost_date_time-vc100-mt-1_49.dll
0x00320000 - 0x00345000 	C:\Program Files\MATLAB\R2013b\bin\win32\boost_filesystem-vc100-mt-1_49.dll
0x00210000 - 0x00217000 	C:\Program Files\MATLAB\R2013b\bin\win32\boost_system-vc100-mt-1_49.dll
0x765b0000 - 0x76651000 	C:\Windows\system32\ADVAPI32.dll
0x764a0000 - 0x7654c000 	C:\Windows\system32\msvcrt.dll
0x75b40000 - 0x75b59000 	C:\Windows\SYSTEM32\sechost.dll
0x76260000 - 0x76302000 	C:\Windows\system32\RPCRT4.dll
0x00350000 - 0x00371000 	C:\Program Files\MATLAB\R2013b\bin\win32\LIBEXPAT.dll
0x7dce0000 - 0x7de29000 	C:\Program Files\MATLAB\R2013b\bin\win32\icuin49.dll
0x7dbd0000 - 0x7dcd7000 	C:\Program Files\MATLAB\R2013b\bin\win32\icuuc49.dll
0x00c40000 - 0x01d62000 	C:\Program Files\MATLAB\R2013b\bin\win32\icudt49.dll
0x7dbc0000 - 0x7dbcd000 	C:\Program Files\MATLAB\R2013b\bin\win32\icuio49.dll
0x01d70000 - 0x01e05000 	C:\Program Files\MATLAB\R2013b\bin\win32\libut.dll
0x7da60000 - 0x7dbb7000 	C:\Program Files\MATLAB\R2013b\bin\win32\libmwfl.dll
0x01e10000 - 0x02155000 	C:\Program Files\MATLAB\R2013b\bin\win32\libmwMATLAB_res.dll
0x02160000 - 0x02214000 	C:\Program Files\MATLAB\R2013b\bin\win32\boost_regex-vc100-mt-1_49.dll
0x76190000 - 0x76259000 	C:\Windows\system32\USER32.dll
0x76450000 - 0x7649e000 	C:\Windows\system32\GDI32.dll
0x779b0000 - 0x779ba000 	C:\Windows\system32\LPK.dll
0x77910000 - 0x779ad000 	C:\Windows\system32\USP10.dll
0x003c0000 - 0x003ce000 	C:\Program Files\MATLAB\R2013b\bin\win32\boost_signals-vc100-mt-1_49.dll
0x003d0000 - 0x003de000 	C:\Program Files\MATLAB\R2013b\bin\win32\boost_thread-vc100-mt-1_49.dll
0x02220000 - 0x02294000 	C:\Program Files\MATLAB\R2013b\bin\win32\boost_log-vc100-mt-1_49.dll
0x778e0000 - 0x778e5000 	C:\Windows\system32\PSAPI.DLL
0x75f20000 - 0x75f55000 	C:\Windows\system32\WS2_32.dll
0x778d0000 - 0x778d6000 	C:\Windows\system32\NSI.dll
0x022a0000 - 0x022c8000 	C:\Program Files\MATLAB\R2013b\bin\win32\tbb.dll
0x75ef0000 - 0x75f1b000 	C:\Windows\system32\imagehlp.dll
0x74a00000 - 0x74a25000 	C:\Windows\system32\POWRPROF.dll
0x75ff0000 - 0x7618d000 	C:\Windows\system32\SETUPAPI.dll
0x75780000 - 0x757a7000 	C:\Windows\system32\CFGMGR32.dll
0x75f60000 - 0x75fef000 	C:\Windows\system32\OLEAUT32.dll
0x77620000 - 0x7777d000 	C:\Windows\system32\ole32.dll
0x75750000 - 0x75762000 	C:\Windows\system32\DEVOBJ.dll
0x7d250000 - 0x7d317000 	C:\Program Files\MATLAB\R2013b\bin\win32\libmx.dll
0x003e0000 - 0x003f8000 	C:\Program Files\MATLAB\R2013b\bin\win32\tbbmalloc.dll
0x022d0000 - 0x022e4000 	C:\Program Files\MATLAB\R2013b\bin\win32\zlib1.dll
0x7d1f0000 - 0x7d22e000 	C:\Program Files\MATLAB\R2013b\bin\win32\libmwregexp.dll
0x7d1b0000 - 0x7d1e8000 	C:\Program Files\MATLAB\R2013b\bin\win32\mpath.dll
0x022f0000 - 0x0283e000 	C:\Program Files\MATLAB\R2013b\bin\win32\mlutil.dll
0x7cc50000 - 0x7ccb2000 	C:\Program Files\MATLAB\R2013b\bin\win32\xmlcore.dll
0x02840000 - 0x02a00000 	C:\Program Files\MATLAB\R2013b\bin\win32\xerces-c_2_7.dll
0x7ca70000 - 0x7ca91000 	C:\Program Files\MATLAB\R2013b\bin\win32\libmwMATLAB_settings_res.dll
0x02a10000 - 0x02a1d000 	C:\Program Files\MATLAB\R2013b\bin\win32\boost_iostreams-vc100-mt-1_49.dll
0x02a20000 - 0x02a5e000 	C:\Program Files\MATLAB\R2013b\bin\win32\boost_serialization-vc100-mt-1_49.dll
0x766b0000 - 0x772fc000 	C:\Windows\system32\SHELL32.dll
0x76550000 - 0x765a7000 	C:\Windows\system32\SHLWAPI.dll
0x7ca10000 - 0x7ca15000 	C:\Program Files\MATLAB\R2013b\bin\win32\libmwnativedisplay.dll
0x02a60000 - 0x02a9d000 	C:\Program Files\MATLAB\R2013b\bin\win32\opccore.dll
0x02aa0000 - 0x02b4e000 	C:\Program Files\MATLAB\R2013b\bin\win32\opcmodel.dll
0x02b50000 - 0x02b73000 	C:\Program Files\MATLAB\R2013b\bin\win32\opczippackage.dll
0x02b80000 - 0x02b8d000 	C:\Program Files\MATLAB\R2013b\bin\win32\libminizip.dll
0x02b90000 - 0x02be1000 	C:\Program Files\MATLAB\R2013b\bin\win32\opcmwservices.dll
0x02bf0000 - 0x02c74000 	C:\Windows\WinSxS\x86_microsoft.windows.common-controls_6595b64144ccf1df_5.82.7601.18837_none_ec86b8d6858ec0bc\COMCTL32.dll
0x77510000 - 0x7758b000 	C:\Windows\system32\COMDLG32.dll
0x74d90000 - 0x74da1000 	C:\Windows\system32\NETAPI32.dll
0x74d80000 - 0x74d89000 	C:\Windows\system32\netutils.dll
0x754a0000 - 0x754b9000 	C:\Windows\system32\srvcli.dll
0x74d70000 - 0x74d7f000 	C:\Windows\system32\wkscli.dll
0x7c980000 - 0x7ca0a000 	C:\Program Files\MATLAB\R2013b\bin\win32\mcr.dll
0x02c80000 - 0x03018000 	C:\Program Files\MATLAB\R2013b\bin\win32\iqm.dll
0x03020000 - 0x030ad000 	C:\Program Files\MATLAB\R2013b\bin\win32\m_dispatcher.dll
0x030b0000 - 0x035f6000 	C:\Program Files\MATLAB\R2013b\bin\win32\m_interpreter.dll
0x7bef0000 - 0x7bf0c000 	C:\Program Files\MATLAB\R2013b\bin\win32\libmex.dll
0x7be90000 - 0x7bef0000 	C:\Program Files\MATLAB\R2013b\bin\win32\profiler.dll
0x7bc20000 - 0x7bd6e000 	C:\Program Files\MATLAB\R2013b\bin\win32\libmwmathutil.dll
0x03600000 - 0x03621000 	C:\Program Files\MATLAB\R2013b\bin\win32\libmwmathrng.dll
0x7bbf0000 - 0x7bbfe000 	C:\Program Files\MATLAB\R2013b\bin\win32\libmwmfl_rng.dll
0x03630000 - 0x036ff000 	C:\Program Files\MATLAB\R2013b\bin\win32\libmwmathcore.dll
0x7baf0000 - 0x7bb38000 	C:\Program Files\MATLAB\R2013b\bin\win32\libmwspmatrix.dll
0x03700000 - 0x038b8000 	C:\Program Files\MATLAB\R2013b\bin\win32\mcos.dll
0x7b8b0000 - 0x7b8fa000 	C:\Program Files\MATLAB\R2013b\bin\win32\libmwcholmod.dll
0x7b8a0000 - 0x7b8a9000 	C:\Program Files\MATLAB\R2013b\bin\win32\libmwamd.dll
0x7b890000 - 0x7b899000 	C:\Program Files\MATLAB\R2013b\bin\win32\libmwcolamd.dll
0x7b880000 - 0x7b88b000 	C:\Program Files\MATLAB\R2013b\bin\win32\libmwblas.dll
0x7b860000 - 0x7b871000 	C:\Program Files\MATLAB\R2013b\bin\win32\libmwbinder.dll
0x7b850000 - 0x7b859000 	C:\Program Files\MATLAB\R2013b\bin\win32\libmwompwrapper.dll
0x7b810000 - 0x7b844000 	C:\Program Files\MATLAB\R2013b\bin\win32\libmwlapack.dll
0x7b7f0000 - 0x7b807000 	C:\Program Files\MATLAB\R2013b\bin\win32\m_pcodeio.dll
0x7b7a0000 - 0x7b7e9000 	C:\Program Files\MATLAB\R2013b\bin\win32\m_ir.dll
0x038c0000 - 0x03e5c000 	C:\Program Files\MATLAB\R2013b\bin\win32\m_parser.dll
0x7b1f0000 - 0x7b201000 	C:\Program Files\MATLAB\R2013b\bin\win32\ir_xfmr.dll
0x7b1e0000 - 0x7b1ee000 	C:\Program Files\MATLAB\R2013b\bin\win32\mtok.dll
0x7b1b0000 - 0x7b1d1000 	C:\Program Files\MATLAB\R2013b\bin\win32\m_pcodegen.dll
0x7b180000 - 0x7b1a7000 	C:\Program Files\MATLAB\R2013b\bin\win32\libmwbridge.dll
0x7b0e0000 - 0x7b171000 	C:\Program Files\MATLAB\R2013b\bin\win32\udd.dll
0x7afc0000 - 0x7b0da000 	C:\Program Files\MATLAB\R2013b\bin\win32\libmwgui.dll
0x7afa0000 - 0x7afc0000 	C:\Program Files\MATLAB\R2013b\bin\win32\graphics_util.dll
0x03e60000 - 0x03f12000 	C:\Program Files\MATLAB\R2013b\bin\win32\libtex_base.dll
0x7a790000 - 0x7aef3000 	C:\Program Files\MATLAB\R2013b\bin\win32\hg.dll
0x7a740000 - 0x7a789000 	C:\Program Files\MATLAB\R2013b\bin\win32\libmat.dll
0x03f20000 - 0x04109000 	C:\Program Files\MATLAB\R2013b\bin\win32\hdf5dll.dll
0x7a4a0000 - 0x7a547000 	C:\Program Files\MATLAB\R2013b\bin\win32\jmi.dll
0x7a490000 - 0x7a49c000 	C:\Program Files\MATLAB\R2013b\bin\win32\nativejava_services.dll
0x7a450000 - 0x7a484000 	C:\Program Files\MATLAB\R2013b\bin\win32\libmwhardcopy.dll
0x7a400000 - 0x7a448000 	C:\Program Files\MATLAB\R2013b\bin\win32\libuij.dll
0x7a220000 - 0x7a3c4000 	C:\Program Files\MATLAB\R2013b\bin\win32\hgdatatypes.dll
0x04120000 - 0x041fd000 	C:\Program Files\MATLAB\R2013b\bin\win32\hgutils.dll
0x7a0d0000 - 0x7a159000 	C:\Program Files\MATLAB\R2013b\bin\win32\udd_mi.dll
0x7a0a0000 - 0x7a0cd000 	C:\Program Files\MATLAB\R2013b\bin\win32\libmwgbtutils.dll
0x7a090000 - 0x7a0a0000 	C:\Program Files\MATLAB\R2013b\bin\win32\libmwgbt.dll
0x04200000 - 0x044a7000 	C:\Program Files\MATLAB\R2013b\bin\win32\uiw.dll
0x79dd0000 - 0x79dd8000 	C:\Program Files\MATLAB\R2013b\bin\win32\uinone.dll
0x044b0000 - 0x044d3000 	C:\Program Files\MATLAB\R2013b\bin\win32\libmwnativedialogs.dll
0x79da0000 - 0x79da9000 	C:\Program Files\MATLAB\R2013b\bin\win32\libmwplatform_res.dll
0x71850000 - 0x71862000 	C:\Windows\system32\MPR.dll
0x77e70000 - 0x782a8000 	C:\Program Files\MATLAB\R2013b\bin\win32\mfc100.dll
0x044f0000 - 0x044f5000 	C:\Windows\system32\MSIMG32.dll
0x70b60000 - 0x70bb1000 	C:\Windows\system32\WINSPOOL.DRV
0x79d80000 - 0x79d96000 	C:\Program Files\MATLAB\R2013b\bin\win32\mwoles05.DLL
0x79d20000 - 0x79d73000 	C:\Program Files\MATLAB\R2013b\bin\win32\comcli.dll
0x04500000 - 0x04526000 	C:\Program Files\MATLAB\R2013b\bin\win32\ATL100.DLL
0x79d10000 - 0x79d1a000 	C:\Program Files\MATLAB\R2013b\bin\win32\mlautoregister.dll
0x04530000 - 0x04685000 	C:\Program Files\MATLAB\R2013b\bin\win32\mvm.dll
0x778f0000 - 0x7790f000 	C:\Windows\system32\IMM32.DLL
0x75a60000 - 0x75b2c000 	C:\Windows\system32\MSCTF.dll
0x74130000 - 0x74170000 	C:\Windows\system32\UxTheme.dll
0x73e40000 - 0x73e53000 	C:\Windows\system32\dwmapi.dll

VM Arguments:
jvm_args: -Xss512k -XX:PermSize=32m -Xms64m -XX:NewRatio=3 -XX:MaxPermSize=96m -Xmx128m -XX:MaxDirectMemorySize=1200000000 -Dsun.java2d.noddraw=true -Dsun.awt.nopixfmt=true -Xshare:off -Xrs -XX:-UseSplitVerifier -Djava.library.path=C:\Program Files\MATLAB\R2013b\bin\win32;C:\Program Files\MATLAB\R2013b\sys\jxbrowser\win32\lib vfprintf abort -Duser.language=en -Duser.country=US 
java_command: <unknown>
Launcher Type: generic

Environment Variables:
PATH=C:\Program Files\NVIDIA Corporation\PhysX\Common;C:\Program Files\Tecplot\Tec360 2012R1\Bin;C:\Windows\system32;C:\Windows;C:\Windows\System32\Wbem;C:\Windows\System32\WindowsPowerShell\v1.0\;c:\Program Files\ATI Technologies\ATI.ACE\Core-Static;C:\Program Files\NTRU Cryptosystems\NTRU TCG Software Stack\bin\;C:\Program Files\Wave Systems Corp\Gemalto\Access Client\v5\;C:\Program Files\Common Files\Roxio Shared\DLLShared\;C:\Program Files\Common Files\Roxio Shared\10.0\DLLShared\;C:\Program Files\proeWildfire 5.0\bin;C:\Program Files\proeWildfire 5.0\mech\bin;c:\program files\MATLAB\R2013b\runtime\win32;c:\program files\MATLAB\R2013b\bin;c:\program files\MATLAB\R2011b\runtime\win32;c:\program files\MATLAB\R2011b\bin;C:\Program Files\Autodesk\Backburner\;C:\Program Files\Common Files\Autodesk Shared\;C:\Program Files\IVI Foundation\IVI\bin;C:\Program Files\IVI Foundation\VISA\WinNT\Bin\;C:\Program Files\IVI Foundation\VISA\WinNT\Bin;C:\Program Files\MATLAB\MATLAB Component Runtime\v74\runtime\win32;C:\Program Files\MiKTeX 2.9\miktex\bin\;C:\Program Files\Microsoft SQL Server\110\Tools\Binn\;C:\opencv\build\x86\vc12\bin;C:\Users\rschur\Anaconda2;C:\Program Files\Microsoft SQL Server\120\Tools\Binn\;C:\Program Files\Windows Kits\10\Windows Performance Toolkit\;C:\Users\rschur\Anaconda2;C:\Users\rschur\Anaconda2\Scripts;C:\Users\rschur\Anaconda2\Library\bin;C:\Users\Randy Schur\Anaconda;C:\Users\Randy Schur\Anaconda\Scripts
USERNAME=rschur
OS=Windows_NT
PROCESSOR_IDENTIFIER=x86 Family 6 Model 26 Stepping 5, GenuineIntel



---------------  S Y S T E M  ---------------

OS: Windows 7 Build 7601 Service Pack 1

CPU:total 4 (4 cores per cpu, 2 threads per core) family 6 model 26 stepping 5, cmov, cx8, fxsr, mmx, sse, sse2, sse3, ssse3, sse4.1, sse4.2, popcnt, ht, tsc, tscinvbit, tscinv

Memory: 4k page, physical 3667512k(1622264k free), swap 7333308k(3923040k free)

vm_info: Java HotSpot(TM) Client VM (23.6-b04) for windows-x86 JRE (1.7.0_11-b21), built on Jan 12 2013 02:19:22 by "java_re" with unknown MS VC++:1600

time: Mon Jul 11 17:01:23 2016
elapsed time: 3480 seconds

